2018-07-12 11:12:53,971    DEBUG [login成功])
2018-07-12 11:13:14,062    DEBUG <selenium.webdriver.remote.webelement.WebElement (session="34731b15da4e58378647f4b5c1c6066f", element="0.003927208037083796-91")>clicked)
2018-07-12 11:14:54,207    DEBUG <selenium.webdriver.remote.webelement.WebElement (session="34731b15da4e58378647f4b5c1c6066f", element="0.003927208037083796-92")>clicked)
2018-07-12 11:16:34,365    DEBUG <selenium.webdriver.remote.webelement.WebElement (session="34731b15da4e58378647f4b5c1c6066f", element="0.003927208037083796-93")>clicked)
2018-07-12 11:18:14,566    DEBUG <selenium.webdriver.remote.webelement.WebElement (session="34731b15da4e58378647f4b5c1c6066f", element="0.003927208037083796-94")>clicked)
2018-07-12 11:19:54,782    DEBUG <selenium.webdriver.remote.webelement.WebElement (session="34731b15da4e58378647f4b5c1c6066f", element="0.003927208037083796-95")>clicked)
2018-07-12 11:21:35,039    DEBUG <selenium.webdriver.remote.webelement.WebElement (session="34731b15da4e58378647f4b5c1c6066f", element="0.003927208037083796-96")>clicked)
2018-07-12 11:23:15,254    DEBUG <selenium.webdriver.remote.webelement.WebElement (session="34731b15da4e58378647f4b5c1c6066f", element="0.003927208037083796-97")>clicked)
2018-07-12 11:24:55,456    DEBUG <selenium.webdriver.remote.webelement.WebElement (session="34731b15da4e58378647f4b5c1c6066f", element="0.003927208037083796-98")>clicked)
2018-07-12 11:26:35,654    DEBUG <selenium.webdriver.remote.webelement.WebElement (session="34731b15da4e58378647f4b5c1c6066f", element="0.003927208037083796-99")>clicked)
2018-07-12 11:28:15,855    DEBUG <selenium.webdriver.remote.webelement.WebElement (session="34731b15da4e58378647f4b5c1c6066f", element="0.003927208037083796-100")>clicked)
2018-07-12 11:29:56,057    DEBUG <selenium.webdriver.remote.webelement.WebElement (session="34731b15da4e58378647f4b5c1c6066f", element="0.003927208037083796-101")>clicked)
2018-07-12 11:31:36,273    DEBUG <selenium.webdriver.remote.webelement.WebElement (session="34731b15da4e58378647f4b5c1c6066f", element="0.003927208037083796-102")>clicked)
2018-07-12 11:33:16,488    DEBUG <selenium.webdriver.remote.webelement.WebElement (session="34731b15da4e58378647f4b5c1c6066f", element="0.003927208037083796-586")>clicked)
2018-07-12 11:34:56,686    DEBUG <selenium.webdriver.remote.webelement.WebElement (session="34731b15da4e58378647f4b5c1c6066f", element="0.003927208037083796-587")>clicked)
2018-07-12 11:36:36,875    DEBUG <selenium.webdriver.remote.webelement.WebElement (session="34731b15da4e58378647f4b5c1c6066f", element="0.003927208037083796-588")>clicked)
2018-07-12 11:38:17,104    DEBUG <selenium.webdriver.remote.webelement.WebElement (session="34731b15da4e58378647f4b5c1c6066f", element="0.003927208037083796-589")>clicked)
2018-07-12 11:39:57,274    DEBUG <selenium.webdriver.remote.webelement.WebElement (session="34731b15da4e58378647f4b5c1c6066f", element="0.003927208037083796-590")>clicked)
2018-07-12 11:41:37,475    DEBUG <selenium.webdriver.remote.webelement.WebElement (session="34731b15da4e58378647f4b5c1c6066f", element="0.003927208037083796-591")>clicked)
2018-07-12 11:43:17,686    DEBUG <selenium.webdriver.remote.webelement.WebElement (session="34731b15da4e58378647f4b5c1c6066f", element="0.003927208037083796-592")>clicked)
2018-07-12 11:44:57,879    DEBUG <selenium.webdriver.remote.webelement.WebElement (session="34731b15da4e58378647f4b5c1c6066f", element="0.003927208037083796-593")>clicked)
2018-07-12 11:46:38,165    DEBUG <selenium.webdriver.remote.webelement.WebElement (session="34731b15da4e58378647f4b5c1c6066f", element="0.003927208037083796-594")>clicked)
2018-07-12 11:48:18,521    DEBUG [logout完了])
2018-07-12 11:48:25,734    DEBUG [コピー対象（JPG）]JPG_2018026-a.tar.gz,JPG_2018026-b.tar.gz,JPG_2018026-c.tar.gz,JPG_2018026-d.tar.gz,JPG_2018026-e.tar.gz,JPG_2018026-f.tar.gz,JPG_2018026-g.tar.gz,JPG_2018026-h.tar.gz,JPG_2018026-i.tar.gz,JPG_2018026-j.tar.gz,JPG_2018026-k.tar.gz,JPG_2018026-l.tar.gz)
2018-07-12 11:48:25,764    DEBUG [コピー対象（JPH）]JPH_2018026-a.tar.gz,JPH_2018026-b.tar.gz,JPH_2018026-c.tar.gz,JPH_2018026-d.tar.gz,JPH_2018026-e.tar.gz,JPH_2018026-f.tar.gz,JPH_2018026-g.tar.gz,JPH_2018026-h.tar.gz,JPH_2018026-i.tar.gz)
2018-07-12 11:48:25,880    DEBUG [C:\Users\常重　友佑\Downloads\JPG_2018026_downfiles\ へ移動完了])
2018-07-12 11:48:25,914    DEBUG [C:\Users\常重　友佑\Downloads\JPH_2018026_downfiles\ へ移動完了])
2018-07-12 11:53:23,347    DEBUG copy /b JPG_2018026_downfiles\*.tar.gz JPG_2018026.tar.gzコピー処理開始)
2018-07-12 11:53:23,516    DEBUG copy /b JPH_2018026_downfiles\*.tar.gz JPH_2018026.tar.gzコピー処理開始)
2018-07-12 12:03:01,389    DEBUG D:\workDdrive\作業系\特許DBインポート\1jpg\JPG_2018026作成)
2018-07-12 12:03:01,527    DEBUG D:\workDdrive\作業系\特許DBインポート\2jph\JPH_2018026作成)
