2018-04-05 11:26:16,192    DEBUG [login成功])
2018-04-05 11:26:38,138    DEBUG [Download対象][,<,s,e,l,e,n,i,u,m,.,w,e,b,d,r,i,v,e,r,.,r,e,m,o,t,e,.,w,e,b,e,l,e,m,e,n,t,.,W,e,b,E,l,e,m,e,n,t, ,(,s,e,s,s,i,o,n,=,",5,2,8,4,3,f,a,1,0,1,6,0,b,c,2,c,4,c,0,d,c,f,2,5,d,3,c,4,2,4,2,1,",,, ,e,l,e,m,e,n,t,=,",0,.,9,9,3,0,7,7,3,6,7,1,3,2,3,8,6,3,-,8,6,",),>,,, ,<,s,e,l,e,n,i,u,m,.,w,e,b,d,r,i,v,e,r,.,r,e,m,o,t,e,.,w,e,b,e,l,e,m,e,n,t,.,W,e,b,E,l,e,m,e,n,t, ,(,s,e,s,s,i,o,n,=,",5,2,8,4,3,f,a,1,0,1,6,0,b,c,2,c,4,c,0,d,c,f,2,5,d,3,c,4,2,4,2,1,",,, ,e,l,e,m,e,n,t,=,",0,.,9,9,3,0,7,7,3,6,7,1,3,2,3,8,6,3,-,8,7,",),>,,, ,<,s,e,l,e,n,i,u,m,.,w,e,b,d,r,i,v,e,r,.,r,e,m,o,t,e,.,w,e,b,e,l,e,m,e,n,t,.,W,e,b,E,l,e,m,e,n,t, ,(,s,e,s,s,i,o,n,=,",5,2,8,4,3,f,a,1,0,1,6,0,b,c,2,c,4,c,0,d,c,f,2,5,d,3,c,4,2,4,2,1,",,, ,e,l,e,m,e,n,t,=,",0,.,9,9,3,0,7,7,3,6,7,1,3,2,3,8,6,3,-,8,8,",),>,,, ,<,s,e,l,e,n,i,u,m,.,w,e,b,d,r,i,v,e,r,.,r,e,m,o,t,e,.,w,e,b,e,l,e,m,e,n,t,.,W,e,b,E,l,e,m,e,n,t, ,(,s,e,s,s,i,o,n,=,",5,2,8,4,3,f,a,1,0,1,6,0,b,c,2,c,4,c,0,d,c,f,2,5,d,3,c,4,2,4,2,1,",,, ,e,l,e,m,e,n,t,=,",0,.,9,9,3,0,7,7,3,6,7,1,3,2,3,8,6,3,-,8,9,",),>,,, ,<,s,e,l,e,n,i,u,m,.,w,e,b,d,r,i,v,e,r,.,r,e,m,o,t,e,.,w,e,b,e,l,e,m,e,n,t,.,W,e,b,E,l,e,m,e,n,t, ,(,s,e,s,s,i,o,n,=,",5,2,8,4,3,f,a,1,0,1,6,0,b,c,2,c,4,c,0,d,c,f,2,5,d,3,c,4,2,4,2,1,",,, ,e,l,e,m,e,n,t,=,",0,.,9,9,3,0,7,7,3,6,7,1,3,2,3,8,6,3,-,9,0,",),>,,, ,<,s,e,l,e,n,i,u,m,.,w,e,b,d,r,i,v,e,r,.,r,e,m,o,t,e,.,w,e,b,e,l,e,m,e,n,t,.,W,e,b,E,l,e,m,e,n,t, ,(,s,e,s,s,i,o,n,=,",5,2,8,4,3,f,a,1,0,1,6,0,b,c,2,c,4,c,0,d,c,f,2,5,d,3,c,4,2,4,2,1,",,, ,e,l,e,m,e,n,t,=,",0,.,9,9,3,0,7,7,3,6,7,1,3,2,3,8,6,3,-,9,1,",),>,,, ,<,s,e,l,e,n,i,u,m,.,w,e,b,d,r,i,v,e,r,.,r,e,m,o,t,e,.,w,e,b,e,l,e,m,e,n,t,.,W,e,b,E,l,e,m,e,n,t, ,(,s,e,s,s,i,o,n,=,",5,2,8,4,3,f,a,1,0,1,6,0,b,c,2,c,4,c,0,d,c,f,2,5,d,3,c,4,2,4,2,1,",,, ,e,l,e,m,e,n,t,=,",0,.,9,9,3,0,7,7,3,6,7,1,3,2,3,8,6,3,-,9,2,",),>,,, ,<,s,e,l,e,n,i,u,m,.,w,e,b,d,r,i,v,e,r,.,r,e,m,o,t,e,.,w,e,b,e,l,e,m,e,n,t,.,W,e,b,E,l,e,m,e,n,t, ,(,s,e,s,s,i,o,n,=,",5,2,8,4,3,f,a,1,0,1,6,0,b,c,2,c,4,c,0,d,c,f,2,5,d,3,c,4,2,4,2,1,",,, ,e,l,e,m,e,n,t,=,",0,.,9,9,3,0,7,7,3,6,7,1,3,2,3,8,6,3,-,9,3,",),>,,, ,<,s,e,l,e,n,i,u,m,.,w,e,b,d,r,i,v,e,r,.,r,e,m,o,t,e,.,w,e,b,e,l,e,m,e,n,t,.,W,e,b,E,l,e,m,e,n,t, ,(,s,e,s,s,i,o,n,=,",5,2,8,4,3,f,a,1,0,1,6,0,b,c,2,c,4,c,0,d,c,f,2,5,d,3,c,4,2,4,2,1,",,, ,e,l,e,m,e,n,t,=,",0,.,9,9,3,0,7,7,3,6,7,1,3,2,3,8,6,3,-,9,4,",),>,,, ,<,s,e,l,e,n,i,u,m,.,w,e,b,d,r,i,v,e,r,.,r,e,m,o,t,e,.,w,e,b,e,l,e,m,e,n,t,.,W,e,b,E,l,e,m,e,n,t, ,(,s,e,s,s,i,o,n,=,",5,2,8,4,3,f,a,1,0,1,6,0,b,c,2,c,4,c,0,d,c,f,2,5,d,3,c,4,2,4,2,1,",,, ,e,l,e,m,e,n,t,=,",0,.,9,9,3,0,7,7,3,6,7,1,3,2,3,8,6,3,-,9,5,",),>,,, ,<,s,e,l,e,n,i,u,m,.,w,e,b,d,r,i,v,e,r,.,r,e,m,o,t,e,.,w,e,b,e,l,e,m,e,n,t,.,W,e,b,E,l,e,m,e,n,t, ,(,s,e,s,s,i,o,n,=,",5,2,8,4,3,f,a,1,0,1,6,0,b,c,2,c,4,c,0,d,c,f,2,5,d,3,c,4,2,4,2,1,",,, ,e,l,e,m,e,n,t,=,",0,.,9,9,3,0,7,7,3,6,7,1,3,2,3,8,6,3,-,9,6,",),>,,, ,<,s,e,l,e,n,i,u,m,.,w,e,b,d,r,i,v,e,r,.,r,e,m,o,t,e,.,w,e,b,e,l,e,m,e,n,t,.,W,e,b,E,l,e,m,e,n,t, ,(,s,e,s,s,i,o,n,=,",5,2,8,4,3,f,a,1,0,1,6,0,b,c,2,c,4,c,0,d,c,f,2,5,d,3,c,4,2,4,2,1,",,, ,e,l,e,m,e,n,t,=,",0,.,9,9,3,0,7,7,3,6,7,1,3,2,3,8,6,3,-,9,7,",),>,,, ,<,s,e,l,e,n,i,u,m,.,w,e,b,d,r,i,v,e,r,.,r,e,m,o,t,e,.,w,e,b,e,l,e,m,e,n,t,.,W,e,b,E,l,e,m,e,n,t, ,(,s,e,s,s,i,o,n,=,",5,2,8,4,3,f,a,1,0,1,6,0,b,c,2,c,4,c,0,d,c,f,2,5,d,3,c,4,2,4,2,1,",,, ,e,l,e,m,e,n,t,=,",0,.,9,9,3,0,7,7,3,6,7,1,3,2,3,8,6,3,-,5,8,0,",),>,,, ,<,s,e,l,e,n,i,u,m,.,w,e,b,d,r,i,v,e,r,.,r,e,m,o,t,e,.,w,e,b,e,l,e,m,e,n,t,.,W,e,b,E,l,e,m,e,n,t, ,(,s,e,s,s,i,o,n,=,",5,2,8,4,3,f,a,1,0,1,6,0,b,c,2,c,4,c,0,d,c,f,2,5,d,3,c,4,2,4,2,1,",,, ,e,l,e,m,e,n,t,=,",0,.,9,9,3,0,7,7,3,6,7,1,3,2,3,8,6,3,-,5,8,1,",),>,,, ,<,s,e,l,e,n,i,u,m,.,w,e,b,d,r,i,v,e,r,.,r,e,m,o,t,e,.,w,e,b,e,l,e,m,e,n,t,.,W,e,b,E,l,e,m,e,n,t, ,(,s,e,s,s,i,o,n,=,",5,2,8,4,3,f,a,1,0,1,6,0,b,c,2,c,4,c,0,d,c,f,2,5,d,3,c,4,2,4,2,1,",,, ,e,l,e,m,e,n,t,=,",0,.,9,9,3,0,7,7,3,6,7,1,3,2,3,8,6,3,-,5,8,2,",),>,,, ,<,s,e,l,e,n,i,u,m,.,w,e,b,d,r,i,v,e,r,.,r,e,m,o,t,e,.,w,e,b,e,l,e,m,e,n,t,.,W,e,b,E,l,e,m,e,n,t, ,(,s,e,s,s,i,o,n,=,",5,2,8,4,3,f,a,1,0,1,6,0,b,c,2,c,4,c,0,d,c,f,2,5,d,3,c,4,2,4,2,1,",,, ,e,l,e,m,e,n,t,=,",0,.,9,9,3,0,7,7,3,6,7,1,3,2,3,8,6,3,-,5,8,3,",),>,,, ,<,s,e,l,e,n,i,u,m,.,w,e,b,d,r,i,v,e,r,.,r,e,m,o,t,e,.,w,e,b,e,l,e,m,e,n,t,.,W,e,b,E,l,e,m,e,n,t, ,(,s,e,s,s,i,o,n,=,",5,2,8,4,3,f,a,1,0,1,6,0,b,c,2,c,4,c,0,d,c,f,2,5,d,3,c,4,2,4,2,1,",,, ,e,l,e,m,e,n,t,=,",0,.,9,9,3,0,7,7,3,6,7,1,3,2,3,8,6,3,-,5,8,4,",),>,,, ,<,s,e,l,e,n,i,u,m,.,w,e,b,d,r,i,v,e,r,.,r,e,m,o,t,e,.,w,e,b,e,l,e,m,e,n,t,.,W,e,b,E,l,e,m,e,n,t, ,(,s,e,s,s,i,o,n,=,",5,2,8,4,3,f,a,1,0,1,6,0,b,c,2,c,4,c,0,d,c,f,2,5,d,3,c,4,2,4,2,1,",,, ,e,l,e,m,e,n,t,=,",0,.,9,9,3,0,7,7,3,6,7,1,3,2,3,8,6,3,-,5,8,5,",),>,,, ,<,s,e,l,e,n,i,u,m,.,w,e,b,d,r,i,v,e,r,.,r,e,m,o,t,e,.,w,e,b,e,l,e,m,e,n,t,.,W,e,b,E,l,e,m,e,n,t, ,(,s,e,s,s,i,o,n,=,",5,2,8,4,3,f,a,1,0,1,6,0,b,c,2,c,4,c,0,d,c,f,2,5,d,3,c,4,2,4,2,1,",,, ,e,l,e,m,e,n,t,=,",0,.,9,9,3,0,7,7,3,6,7,1,3,2,3,8,6,3,-,5,8,6,",),>,,, ,<,s,e,l,e,n,i,u,m,.,w,e,b,d,r,i,v,e,r,.,r,e,m,o,t,e,.,w,e,b,e,l,e,m,e,n,t,.,W,e,b,E,l,e,m,e,n,t, ,(,s,e,s,s,i,o,n,=,",5,2,8,4,3,f,a,1,0,1,6,0,b,c,2,c,4,c,0,d,c,f,2,5,d,3,c,4,2,4,2,1,",,, ,e,l,e,m,e,n,t,=,",0,.,9,9,3,0,7,7,3,6,7,1,3,2,3,8,6,3,-,5,8,7,",),>,,, ,<,s,e,l,e,n,i,u,m,.,w,e,b,d,r,i,v,e,r,.,r,e,m,o,t,e,.,w,e,b,e,l,e,m,e,n,t,.,W,e,b,E,l,e,m,e,n,t, ,(,s,e,s,s,i,o,n,=,",5,2,8,4,3,f,a,1,0,1,6,0,b,c,2,c,4,c,0,d,c,f,2,5,d,3,c,4,2,4,2,1,",,, ,e,l,e,m,e,n,t,=,",0,.,9,9,3,0,7,7,3,6,7,1,3,2,3,8,6,3,-,5,8,8,",),>,,, ,<,s,e,l,e,n,i,u,m,.,w,e,b,d,r,i,v,e,r,.,r,e,m,o,t,e,.,w,e,b,e,l,e,m,e,n,t,.,W,e,b,E,l,e,m,e,n,t, ,(,s,e,s,s,i,o,n,=,",5,2,8,4,3,f,a,1,0,1,6,0,b,c,2,c,4,c,0,d,c,f,2,5,d,3,c,4,2,4,2,1,",,, ,e,l,e,m,e,n,t,=,",0,.,9,9,3,0,7,7,3,6,7,1,3,2,3,8,6,3,-,5,8,9,",),>,])
2018-04-05 11:26:38,298    DEBUG <selenium.webdriver.remote.webelement.WebElement (session="52843fa10160bc2c4c0dcf25d3c42421", element="0.9930773671323863-86")>clicked)
2018-04-05 11:28:13,441    DEBUG <selenium.webdriver.remote.webelement.WebElement (session="52843fa10160bc2c4c0dcf25d3c42421", element="0.9930773671323863-87")>clicked)
2018-04-05 11:29:48,575    DEBUG <selenium.webdriver.remote.webelement.WebElement (session="52843fa10160bc2c4c0dcf25d3c42421", element="0.9930773671323863-88")>clicked)
2018-04-05 11:31:23,753    DEBUG <selenium.webdriver.remote.webelement.WebElement (session="52843fa10160bc2c4c0dcf25d3c42421", element="0.9930773671323863-89")>clicked)
2018-04-05 11:32:58,894    DEBUG <selenium.webdriver.remote.webelement.WebElement (session="52843fa10160bc2c4c0dcf25d3c42421", element="0.9930773671323863-90")>clicked)
2018-04-05 11:34:34,031    DEBUG <selenium.webdriver.remote.webelement.WebElement (session="52843fa10160bc2c4c0dcf25d3c42421", element="0.9930773671323863-91")>clicked)
2018-04-05 11:36:09,180    DEBUG <selenium.webdriver.remote.webelement.WebElement (session="52843fa10160bc2c4c0dcf25d3c42421", element="0.9930773671323863-92")>clicked)
2018-04-05 11:37:44,321    DEBUG <selenium.webdriver.remote.webelement.WebElement (session="52843fa10160bc2c4c0dcf25d3c42421", element="0.9930773671323863-93")>clicked)
2018-04-05 11:39:19,457    DEBUG <selenium.webdriver.remote.webelement.WebElement (session="52843fa10160bc2c4c0dcf25d3c42421", element="0.9930773671323863-94")>clicked)
2018-04-05 11:40:54,603    DEBUG <selenium.webdriver.remote.webelement.WebElement (session="52843fa10160bc2c4c0dcf25d3c42421", element="0.9930773671323863-95")>clicked)
2018-04-05 11:42:29,840    DEBUG <selenium.webdriver.remote.webelement.WebElement (session="52843fa10160bc2c4c0dcf25d3c42421", element="0.9930773671323863-96")>clicked)
2018-04-05 11:44:04,984    DEBUG <selenium.webdriver.remote.webelement.WebElement (session="52843fa10160bc2c4c0dcf25d3c42421", element="0.9930773671323863-97")>clicked)
2018-04-05 11:45:40,136    DEBUG <selenium.webdriver.remote.webelement.WebElement (session="52843fa10160bc2c4c0dcf25d3c42421", element="0.9930773671323863-580")>clicked)
2018-04-05 11:47:15,311    DEBUG <selenium.webdriver.remote.webelement.WebElement (session="52843fa10160bc2c4c0dcf25d3c42421", element="0.9930773671323863-581")>clicked)
2018-04-05 11:48:50,515    DEBUG <selenium.webdriver.remote.webelement.WebElement (session="52843fa10160bc2c4c0dcf25d3c42421", element="0.9930773671323863-582")>clicked)
2018-04-05 11:50:25,683    DEBUG <selenium.webdriver.remote.webelement.WebElement (session="52843fa10160bc2c4c0dcf25d3c42421", element="0.9930773671323863-583")>clicked)
2018-04-05 11:52:00,857    DEBUG <selenium.webdriver.remote.webelement.WebElement (session="52843fa10160bc2c4c0dcf25d3c42421", element="0.9930773671323863-584")>clicked)
2018-04-05 11:53:36,037    DEBUG <selenium.webdriver.remote.webelement.WebElement (session="52843fa10160bc2c4c0dcf25d3c42421", element="0.9930773671323863-585")>clicked)
2018-04-05 11:55:11,232    DEBUG <selenium.webdriver.remote.webelement.WebElement (session="52843fa10160bc2c4c0dcf25d3c42421", element="0.9930773671323863-586")>clicked)
2018-04-05 11:56:46,420    DEBUG <selenium.webdriver.remote.webelement.WebElement (session="52843fa10160bc2c4c0dcf25d3c42421", element="0.9930773671323863-587")>clicked)
2018-04-05 11:58:21,593    DEBUG <selenium.webdriver.remote.webelement.WebElement (session="52843fa10160bc2c4c0dcf25d3c42421", element="0.9930773671323863-588")>clicked)
2018-04-05 11:59:56,781    DEBUG <selenium.webdriver.remote.webelement.WebElement (session="52843fa10160bc2c4c0dcf25d3c42421", element="0.9930773671323863-589")>clicked)
2018-04-05 12:01:32,476    DEBUG [logout完了])
2018-04-05 12:01:39,369    DEBUG [コピー対象（JPG）]JPG_2018013-a.tar.gz,JPG_2018013-b.tar.gz,JPG_2018013-c.tar.gz,JPG_2018013-d.tar.gz,JPG_2018013-e.tar.gz,JPG_2018013-f.tar.gz,JPG_2018013-g.tar.gz,JPG_2018013-i.tar.gz,JPG_2018013-j.tar.gz,JPG_2018013-k.tar.gz,JPG_2018013-l.tar.gz)
2018-04-05 12:01:39,390    DEBUG [コピー対象（JPH）]JPH_2018013-a.tar.gz,JPH_2018013-b.tar.gz,JPH_2018013-c.tar.gz,JPH_2018013-d.tar.gz,JPH_2018013-e.tar.gz,JPH_2018013-f.tar.gz,JPH_2018013-g.tar.gz,JPH_2018013-h.tar.gz,JPH_2018013-i.tar.gz,JPH_2018013-j.tar.gz)
2018-04-05 12:01:39,497    DEBUG [C:\Users\常重　友佑\Downloads\JPG_2018013_downfiles\ へ移動完了])
2018-04-05 12:01:39,512    DEBUG [C:\Users\常重　友佑\Downloads\JPH_2018013_downfiles\ へ移動完了])
2018-04-05 12:01:39,714    ERROR Traceback)
Stack (most recent call last):
  File "C:\Program Files (x86)\Microsoft Visual Studio\2017\Professional\Common7\IDE\Extensions\Microsoft\Python\Core\ptvsd_launcher.py", line 89, in <module>
    vspd.debug(filename, port_num, debug_id, debug_options, run_as)
  File "C:\Program Files (x86)\Microsoft Visual Studio\2017\Professional\Common7\IDE\Extensions\Microsoft\Python\Core\ptvsd\debugger.py", line 2671, in debug
    exec_file(file, globals_obj)
  File "C:\Program Files (x86)\Microsoft Visual Studio\2017\Professional\Common7\IDE\Extensions\Microsoft\Python\Core\ptvsd\util.py", line 119, in exec_file
    exec_code(code, file, global_variables)
  File "C:\Program Files (x86)\Microsoft Visual Studio\2017\Professional\Common7\IDE\Extensions\Microsoft\Python\Core\ptvsd\util.py", line 95, in exec_code
    exec(code_obj, global_variables)
  File "C:\work\バッチ\PatentDataDownload\hello.py", line 175, in <module>
    main()
  File "C:\work\バッチ\PatentDataDownload\hello.py", line 171, in main
    logger.error('Traceback',stack_info = True)
2018-04-05 12:01:39,716    ERROR [WinError 123] ファイル名、ディレクトリ名、またはボリューム ラベルの構文が間違っています。: 'D:\\workDdrive\\作業系\\特許DBインポート\x01jpg\\')
