2018-05-24 09:57:18,106    DEBUG [login成功])
2018-05-24 09:57:38,028    DEBUG <selenium.webdriver.remote.webelement.WebElement (session="26a6306c3dd89f6ae4ebdb08fee6d1bf", element="0.05319209371461464-88")>clicked)
2018-05-24 09:59:18,186    DEBUG <selenium.webdriver.remote.webelement.WebElement (session="26a6306c3dd89f6ae4ebdb08fee6d1bf", element="0.05319209371461464-89")>clicked)
2018-05-24 10:00:58,349    DEBUG <selenium.webdriver.remote.webelement.WebElement (session="26a6306c3dd89f6ae4ebdb08fee6d1bf", element="0.05319209371461464-90")>clicked)
2018-05-24 10:02:38,496    DEBUG <selenium.webdriver.remote.webelement.WebElement (session="26a6306c3dd89f6ae4ebdb08fee6d1bf", element="0.05319209371461464-91")>clicked)
2018-05-24 10:04:18,671    DEBUG <selenium.webdriver.remote.webelement.WebElement (session="26a6306c3dd89f6ae4ebdb08fee6d1bf", element="0.05319209371461464-92")>clicked)
2018-05-24 10:06:03,815    DEBUG <selenium.webdriver.remote.webelement.WebElement (session="26a6306c3dd89f6ae4ebdb08fee6d1bf", element="0.05319209371461464-93")>clicked)
2018-05-24 10:07:48,951    DEBUG <selenium.webdriver.remote.webelement.WebElement (session="26a6306c3dd89f6ae4ebdb08fee6d1bf", element="0.05319209371461464-94")>clicked)
2018-05-24 10:09:34,101    DEBUG <selenium.webdriver.remote.webelement.WebElement (session="26a6306c3dd89f6ae4ebdb08fee6d1bf", element="0.05319209371461464-95")>clicked)
2018-05-24 10:11:19,234    DEBUG <selenium.webdriver.remote.webelement.WebElement (session="26a6306c3dd89f6ae4ebdb08fee6d1bf", element="0.05319209371461464-96")>clicked)
2018-05-24 10:13:04,391    DEBUG <selenium.webdriver.remote.webelement.WebElement (session="26a6306c3dd89f6ae4ebdb08fee6d1bf", element="0.05319209371461464-579")>clicked)
2018-05-24 10:14:49,550    DEBUG <selenium.webdriver.remote.webelement.WebElement (session="26a6306c3dd89f6ae4ebdb08fee6d1bf", element="0.05319209371461464-580")>clicked)
2018-05-24 10:16:31,167    DEBUG <selenium.webdriver.remote.webelement.WebElement (session="26a6306c3dd89f6ae4ebdb08fee6d1bf", element="0.05319209371461464-581")>clicked)
2018-05-24 10:18:16,293    DEBUG <selenium.webdriver.remote.webelement.WebElement (session="26a6306c3dd89f6ae4ebdb08fee6d1bf", element="0.05319209371461464-582")>clicked)
2018-05-24 10:20:01,439    DEBUG <selenium.webdriver.remote.webelement.WebElement (session="26a6306c3dd89f6ae4ebdb08fee6d1bf", element="0.05319209371461464-583")>clicked)
2018-05-24 10:21:46,594    DEBUG <selenium.webdriver.remote.webelement.WebElement (session="26a6306c3dd89f6ae4ebdb08fee6d1bf", element="0.05319209371461464-584")>clicked)
2018-05-24 10:23:31,729    DEBUG <selenium.webdriver.remote.webelement.WebElement (session="26a6306c3dd89f6ae4ebdb08fee6d1bf", element="0.05319209371461464-585")>clicked)
2018-05-24 10:25:17,136    DEBUG [logout完了])
2018-05-24 10:25:23,871    DEBUG [コピー対象（JPG）]JPG_2018019-a.tar.gz,JPG_2018019-b.tar.gz,JPG_2018019-c.tar.gz,JPG_2018019-d.tar.gz,JPG_2018019-e.tar.gz,JPG_2018019-f.tar.gz,JPG_2018019-g.tar.gz,JPG_2018019-h.tar.gz,JPG_2018019-i.tar.gz)
2018-05-24 10:25:23,907    DEBUG [コピー対象（JPH）]JPH_2018019-a.tar.gz,JPH_2018019-b.tar.gz,JPH_2018019-c.tar.gz,JPH_2018019-d.tar.gz,JPH_2018019-e.tar.gz,JPH_2018019-f.tar.gz,JPH_2018019-g.tar.gz)
2018-05-24 10:25:24,087    DEBUG [C:\Users\常重　友佑\Downloads\JPG_2018019_downfiles\ へ移動完了])
2018-05-24 10:25:24,112    DEBUG [C:\Users\常重　友佑\Downloads\JPH_2018019_downfiles\ へ移動完了])
2018-05-24 10:27:10,472    DEBUG copy /b JPG_2018019_downfiles\*.tar.gz JPG_2018019.tar.gzコピー処理開始)
2018-05-24 10:27:10,520    DEBUG copy /b JPH_2018019_downfiles\*.tar.gz JPH_2018019.tar.gzコピー処理開始)
2018-05-24 10:31:16,226    DEBUG D:\workDdrive\作業系\特許DBインポート\1jpg\JPG_2018019作成)
2018-05-24 10:31:16,252    DEBUG D:\workDdrive\作業系\特許DBインポート\2jph\JPH_2018019作成)
