2018-06-28 09:41:13,350    DEBUG [login成功])
2018-06-28 09:41:31,835    DEBUG <selenium.webdriver.remote.webelement.WebElement (session="c3cadb4d4f63cfea400705d6465c8b69", element="0.35379808665474877-96")>clicked)
2018-06-28 09:43:12,014    DEBUG <selenium.webdriver.remote.webelement.WebElement (session="c3cadb4d4f63cfea400705d6465c8b69", element="0.35379808665474877-97")>clicked)
2018-06-28 09:44:52,161    DEBUG <selenium.webdriver.remote.webelement.WebElement (session="c3cadb4d4f63cfea400705d6465c8b69", element="0.35379808665474877-98")>clicked)
2018-06-28 09:46:32,382    DEBUG <selenium.webdriver.remote.webelement.WebElement (session="c3cadb4d4f63cfea400705d6465c8b69", element="0.35379808665474877-99")>clicked)
2018-06-28 09:48:12,554    DEBUG <selenium.webdriver.remote.webelement.WebElement (session="c3cadb4d4f63cfea400705d6465c8b69", element="0.35379808665474877-100")>clicked)
2018-06-28 09:49:52,710    DEBUG <selenium.webdriver.remote.webelement.WebElement (session="c3cadb4d4f63cfea400705d6465c8b69", element="0.35379808665474877-101")>clicked)
2018-06-28 09:51:32,858    DEBUG <selenium.webdriver.remote.webelement.WebElement (session="c3cadb4d4f63cfea400705d6465c8b69", element="0.35379808665474877-102")>clicked)
2018-06-28 09:53:13,012    DEBUG <selenium.webdriver.remote.webelement.WebElement (session="c3cadb4d4f63cfea400705d6465c8b69", element="0.35379808665474877-103")>clicked)
2018-06-28 09:54:53,152    DEBUG <selenium.webdriver.remote.webelement.WebElement (session="c3cadb4d4f63cfea400705d6465c8b69", element="0.35379808665474877-104")>clicked)
2018-06-28 09:56:33,295    DEBUG <selenium.webdriver.remote.webelement.WebElement (session="c3cadb4d4f63cfea400705d6465c8b69", element="0.35379808665474877-105")>clicked)
2018-06-28 09:58:13,450    DEBUG <selenium.webdriver.remote.webelement.WebElement (session="c3cadb4d4f63cfea400705d6465c8b69", element="0.35379808665474877-106")>clicked)
2018-06-28 09:59:53,624    DEBUG <selenium.webdriver.remote.webelement.WebElement (session="c3cadb4d4f63cfea400705d6465c8b69", element="0.35379808665474877-585")>clicked)
2018-06-28 10:01:33,771    DEBUG <selenium.webdriver.remote.webelement.WebElement (session="c3cadb4d4f63cfea400705d6465c8b69", element="0.35379808665474877-586")>clicked)
2018-06-28 10:03:13,913    DEBUG <selenium.webdriver.remote.webelement.WebElement (session="c3cadb4d4f63cfea400705d6465c8b69", element="0.35379808665474877-587")>clicked)
2018-06-28 10:04:54,053    DEBUG <selenium.webdriver.remote.webelement.WebElement (session="c3cadb4d4f63cfea400705d6465c8b69", element="0.35379808665474877-588")>clicked)
2018-06-28 10:06:34,214    DEBUG <selenium.webdriver.remote.webelement.WebElement (session="c3cadb4d4f63cfea400705d6465c8b69", element="0.35379808665474877-589")>clicked)
2018-06-28 10:08:14,403    DEBUG <selenium.webdriver.remote.webelement.WebElement (session="c3cadb4d4f63cfea400705d6465c8b69", element="0.35379808665474877-590")>clicked)
2018-06-28 10:09:54,949    DEBUG [logout完了])
2018-06-28 10:10:02,086    DEBUG [コピー対象（JPG）]JPG_2018024-a.tar.gz,JPG_2018024-b.tar.gz,JPG_2018024-c.tar.gz,JPG_2018024-d.tar.gz,JPG_2018024-e.tar.gz,JPG_2018024-f.tar.gz,JPG_2018024-g.tar.gz,JPG_2018024-h.tar.gz,JPG_2018024-i.tar.gz,JPG_2018024-j.tar.gz,JPG_2018024-k.tar.gz)
2018-06-28 10:10:02,100    DEBUG [コピー対象（JPH）]JPH_2018024-a.tar.gz,JPH_2018024-b.tar.gz,JPH_2018024-c.tar.gz,JPH_2018024-d.tar.gz,JPH_2018024-e.tar.gz,JPH_2018024-f.tar.gz)
2018-06-28 10:10:02,165    DEBUG [C:\Users\常重　友佑\Downloads\JPG_2018024_downfiles\ へ移動完了])
2018-06-28 10:10:02,172    DEBUG [C:\Users\常重　友佑\Downloads\JPH_2018024_downfiles\ へ移動完了])
2018-06-28 10:12:14,752    DEBUG copy /b JPG_2018024_downfiles\*.tar.gz JPG_2018024.tar.gzコピー処理開始)
2018-06-28 10:12:14,834    DEBUG copy /b JPH_2018024_downfiles\*.tar.gz JPH_2018024.tar.gzコピー処理開始)
2018-06-28 10:13:54,419    DEBUG D:\workDdrive\作業系\特許DBインポート\1jpg\JPG_2018024作成)
2018-06-28 10:13:54,465    DEBUG D:\workDdrive\作業系\特許DBインポート\2jph\JPH_2018024作成)
