2018-07-26 11:28:48,270    DEBUG [login成功])
2018-07-26 11:29:07,816    DEBUG <selenium.webdriver.remote.webelement.WebElement (session="5990831fe4b81cab744a44498f68d8bd", element="0.9754176997553843-93")>clicked)
2018-07-26 11:30:47,982    DEBUG <selenium.webdriver.remote.webelement.WebElement (session="5990831fe4b81cab744a44498f68d8bd", element="0.9754176997553843-94")>clicked)
2018-07-26 11:32:28,141    DEBUG <selenium.webdriver.remote.webelement.WebElement (session="5990831fe4b81cab744a44498f68d8bd", element="0.9754176997553843-95")>clicked)
2018-07-26 11:34:08,305    DEBUG <selenium.webdriver.remote.webelement.WebElement (session="5990831fe4b81cab744a44498f68d8bd", element="0.9754176997553843-96")>clicked)
2018-07-26 11:35:48,471    DEBUG <selenium.webdriver.remote.webelement.WebElement (session="5990831fe4b81cab744a44498f68d8bd", element="0.9754176997553843-97")>clicked)
2018-07-26 11:37:28,621    DEBUG <selenium.webdriver.remote.webelement.WebElement (session="5990831fe4b81cab744a44498f68d8bd", element="0.9754176997553843-98")>clicked)
2018-07-26 11:39:08,768    DEBUG <selenium.webdriver.remote.webelement.WebElement (session="5990831fe4b81cab744a44498f68d8bd", element="0.9754176997553843-99")>clicked)
2018-07-26 11:40:48,939    DEBUG <selenium.webdriver.remote.webelement.WebElement (session="5990831fe4b81cab744a44498f68d8bd", element="0.9754176997553843-100")>clicked)
2018-07-26 11:42:29,155    DEBUG <selenium.webdriver.remote.webelement.WebElement (session="5990831fe4b81cab744a44498f68d8bd", element="0.9754176997553843-101")>clicked)
2018-07-26 11:44:09,321    DEBUG <selenium.webdriver.remote.webelement.WebElement (session="5990831fe4b81cab744a44498f68d8bd", element="0.9754176997553843-589")>clicked)
2018-07-26 11:45:49,499    DEBUG <selenium.webdriver.remote.webelement.WebElement (session="5990831fe4b81cab744a44498f68d8bd", element="0.9754176997553843-590")>clicked)
2018-07-26 11:47:29,666    DEBUG <selenium.webdriver.remote.webelement.WebElement (session="5990831fe4b81cab744a44498f68d8bd", element="0.9754176997553843-591")>clicked)
2018-07-26 11:49:09,827    DEBUG <selenium.webdriver.remote.webelement.WebElement (session="5990831fe4b81cab744a44498f68d8bd", element="0.9754176997553843-592")>clicked)
2018-07-26 11:50:49,973    DEBUG <selenium.webdriver.remote.webelement.WebElement (session="5990831fe4b81cab744a44498f68d8bd", element="0.9754176997553843-593")>clicked)
2018-07-26 11:52:30,121    DEBUG <selenium.webdriver.remote.webelement.WebElement (session="5990831fe4b81cab744a44498f68d8bd", element="0.9754176997553843-594")>clicked)
2018-07-26 11:54:10,274    DEBUG <selenium.webdriver.remote.webelement.WebElement (session="5990831fe4b81cab744a44498f68d8bd", element="0.9754176997553843-595")>clicked)
2018-07-26 11:55:50,542    DEBUG [logout完了])
2018-07-26 11:55:57,662    DEBUG [コピー対象（JPG）]JPG_2018028-a.tar.gz,JPG_2018028-b.tar.gz,JPG_2018028-c.tar.gz,JPG_2018028-d.tar.gz,JPG_2018028-e.tar.gz,JPG_2018028-f.tar.gz,JPG_2018028-g.tar.gz,JPG_2018028-h.tar.gz,JPG_2018028-i.tar.gz)
2018-07-26 11:55:57,708    DEBUG [コピー対象（JPH）]JPH_2018028-a.tar.gz,JPH_2018028-b.tar.gz,JPH_2018028-c.tar.gz,JPH_2018028-d.tar.gz,JPH_2018028-e.tar.gz,JPH_2018028-f.tar.gz,JPH_2018028-g.tar.gz)
2018-07-26 11:55:57,753    DEBUG [C:\Users\常重　友佑\Downloads\JPG_2018028_downfiles\ へ移動完了])
2018-07-26 11:55:57,765    DEBUG [C:\Users\常重　友佑\Downloads\JPH_2018028_downfiles\ へ移動完了])
2018-07-26 12:01:33,086    DEBUG copy /b JPG_2018028_downfiles\*.tar.gz JPG_2018028.tar.gzコピー処理開始)
2018-07-26 12:01:33,137    DEBUG copy /b JPH_2018028_downfiles\*.tar.gz JPH_2018028.tar.gzコピー処理開始)
2018-07-26 12:05:16,588    DEBUG D:\workDdrive\作業系\特許DBインポート\1jpg\JPG_2018028作成)
2018-07-26 12:05:16,615    DEBUG D:\workDdrive\作業系\特許DBインポート\2jph\JPH_2018028作成)
