2018-04-19 09:56:06,010    DEBUG [login成功])
2018-04-19 09:56:26,333    DEBUG <selenium.webdriver.remote.webelement.WebElement (session="085565b328c4c2ab61b01c4cdcdb33b9", element="0.24992861494396412-85")>clicked)
2018-04-19 09:58:06,482    DEBUG <selenium.webdriver.remote.webelement.WebElement (session="085565b328c4c2ab61b01c4cdcdb33b9", element="0.24992861494396412-86")>clicked)
2018-04-19 09:59:46,633    DEBUG <selenium.webdriver.remote.webelement.WebElement (session="085565b328c4c2ab61b01c4cdcdb33b9", element="0.24992861494396412-87")>clicked)
2018-04-19 10:01:26,825    DEBUG <selenium.webdriver.remote.webelement.WebElement (session="085565b328c4c2ab61b01c4cdcdb33b9", element="0.24992861494396412-88")>clicked)
2018-04-19 10:03:07,037    DEBUG <selenium.webdriver.remote.webelement.WebElement (session="085565b328c4c2ab61b01c4cdcdb33b9", element="0.24992861494396412-89")>clicked)
2018-04-19 10:04:47,183    DEBUG <selenium.webdriver.remote.webelement.WebElement (session="085565b328c4c2ab61b01c4cdcdb33b9", element="0.24992861494396412-90")>clicked)
2018-04-19 10:06:27,332    DEBUG <selenium.webdriver.remote.webelement.WebElement (session="085565b328c4c2ab61b01c4cdcdb33b9", element="0.24992861494396412-91")>clicked)
2018-04-19 10:08:07,522    DEBUG <selenium.webdriver.remote.webelement.WebElement (session="085565b328c4c2ab61b01c4cdcdb33b9", element="0.24992861494396412-574")>clicked)
2018-04-19 10:09:47,676    DEBUG <selenium.webdriver.remote.webelement.WebElement (session="085565b328c4c2ab61b01c4cdcdb33b9", element="0.24992861494396412-575")>clicked)
2018-04-19 10:11:27,814    DEBUG <selenium.webdriver.remote.webelement.WebElement (session="085565b328c4c2ab61b01c4cdcdb33b9", element="0.24992861494396412-576")>clicked)
2018-04-19 10:13:07,999    DEBUG <selenium.webdriver.remote.webelement.WebElement (session="085565b328c4c2ab61b01c4cdcdb33b9", element="0.24992861494396412-577")>clicked)
2018-04-19 10:14:48,154    DEBUG <selenium.webdriver.remote.webelement.WebElement (session="085565b328c4c2ab61b01c4cdcdb33b9", element="0.24992861494396412-578")>clicked)
2018-04-19 10:16:28,317    DEBUG <selenium.webdriver.remote.webelement.WebElement (session="085565b328c4c2ab61b01c4cdcdb33b9", element="0.24992861494396412-579")>clicked)
2018-04-19 10:18:08,463    DEBUG <selenium.webdriver.remote.webelement.WebElement (session="085565b328c4c2ab61b01c4cdcdb33b9", element="0.24992861494396412-580")>clicked)
2018-04-19 10:19:48,603    DEBUG <selenium.webdriver.remote.webelement.WebElement (session="085565b328c4c2ab61b01c4cdcdb33b9", element="0.24992861494396412-581")>clicked)
2018-04-19 10:21:28,751    DEBUG <selenium.webdriver.remote.webelement.WebElement (session="085565b328c4c2ab61b01c4cdcdb33b9", element="0.24992861494396412-582")>clicked)
2018-04-19 10:23:09,241    DEBUG [logout完了])
2018-04-19 10:23:19,348    DEBUG [コピー対象（JPG）]JPG_2018015-a.tar.gz,JPG_2018015-b.tar.gz,JPG_2018015-c.tar.gz,JPG_2018015-d.tar.gz,JPG_2018015-e.tar.gz,JPG_2018015-f.tar.gz,JPG_2018015-g.tar.gz)
2018-04-19 10:23:19,496    DEBUG [コピー対象（JPH）]JPH_2018015-a.tar.gz,JPH_2018015-b.tar.gz,JPH_2018015-c.tar.gz,JPH_2018015-d.tar.gz,JPH_2018015-e.tar.gz,JPH_2018015-f.tar.gz,JPH_2018015-g.tar.gz,JPH_2018015-h.tar.gz,JPH_2018015-i.tar.gz)
2018-04-19 10:23:19,555    DEBUG [C:\Users\常重　友佑\Downloads\JPG_2018015_downfiles\ へ移動完了])
2018-04-19 10:23:19,863    DEBUG [C:\Users\常重　友佑\Downloads\JPH_2018015_downfiles\ へ移動完了])
2018-04-19 10:25:51,106    DEBUG copy /b JPG_2018015_downfiles\*.tar.gz JPG_2018015.tar.gzコピー処理開始)
2018-04-19 10:25:51,155    DEBUG copy /b JPH_2018015_downfiles\*.tar.gz JPH_2018015.tar.gzコピー処理開始)
2018-04-19 10:29:50,978    DEBUG D:\workDdrive\作業系\特許DBインポート\1jpg\JPG_2018015作成)
2018-04-19 10:29:50,988    DEBUG D:\workDdrive\作業系\特許DBインポート\2jph\JPH_2018015作成)
