2018-05-10 09:52:56,242    DEBUG [login成功])
2018-05-10 09:53:14,906    DEBUG <selenium.webdriver.remote.webelement.WebElement (session="a22083e95b6002db6175a4349401d90a", element="0.5486647021957638-88")>clicked)
2018-05-10 09:54:55,047    DEBUG <selenium.webdriver.remote.webelement.WebElement (session="a22083e95b6002db6175a4349401d90a", element="0.5486647021957638-89")>clicked)
2018-05-10 09:56:35,225    DEBUG <selenium.webdriver.remote.webelement.WebElement (session="a22083e95b6002db6175a4349401d90a", element="0.5486647021957638-90")>clicked)
2018-05-10 09:58:15,375    DEBUG <selenium.webdriver.remote.webelement.WebElement (session="a22083e95b6002db6175a4349401d90a", element="0.5486647021957638-91")>clicked)
2018-05-10 09:59:55,525    DEBUG <selenium.webdriver.remote.webelement.WebElement (session="a22083e95b6002db6175a4349401d90a", element="0.5486647021957638-92")>clicked)
2018-05-10 10:01:35,680    DEBUG <selenium.webdriver.remote.webelement.WebElement (session="a22083e95b6002db6175a4349401d90a", element="0.5486647021957638-93")>clicked)
2018-05-10 10:03:15,826    DEBUG <selenium.webdriver.remote.webelement.WebElement (session="a22083e95b6002db6175a4349401d90a", element="0.5486647021957638-94")>clicked)
2018-05-10 10:04:55,962    DEBUG <selenium.webdriver.remote.webelement.WebElement (session="a22083e95b6002db6175a4349401d90a", element="0.5486647021957638-95")>clicked)
2018-05-10 10:06:36,097    DEBUG <selenium.webdriver.remote.webelement.WebElement (session="a22083e95b6002db6175a4349401d90a", element="0.5486647021957638-96")>clicked)
2018-05-10 10:08:16,239    DEBUG <selenium.webdriver.remote.webelement.WebElement (session="a22083e95b6002db6175a4349401d90a", element="0.5486647021957638-97")>clicked)
2018-05-10 10:09:56,391    DEBUG <selenium.webdriver.remote.webelement.WebElement (session="a22083e95b6002db6175a4349401d90a", element="0.5486647021957638-573")>clicked)
2018-05-10 10:11:36,517    DEBUG <selenium.webdriver.remote.webelement.WebElement (session="a22083e95b6002db6175a4349401d90a", element="0.5486647021957638-574")>clicked)
2018-05-10 10:13:16,650    DEBUG <selenium.webdriver.remote.webelement.WebElement (session="a22083e95b6002db6175a4349401d90a", element="0.5486647021957638-575")>clicked)
2018-05-10 10:14:56,788    DEBUG <selenium.webdriver.remote.webelement.WebElement (session="a22083e95b6002db6175a4349401d90a", element="0.5486647021957638-576")>clicked)
2018-05-10 10:16:37,024    DEBUG <selenium.webdriver.remote.webelement.WebElement (session="a22083e95b6002db6175a4349401d90a", element="0.5486647021957638-577")>clicked)
2018-05-10 10:18:17,186    DEBUG <selenium.webdriver.remote.webelement.WebElement (session="a22083e95b6002db6175a4349401d90a", element="0.5486647021957638-578")>clicked)
2018-05-10 10:19:57,324    DEBUG <selenium.webdriver.remote.webelement.WebElement (session="a22083e95b6002db6175a4349401d90a", element="0.5486647021957638-579")>clicked)
2018-05-10 10:21:37,462    DEBUG <selenium.webdriver.remote.webelement.WebElement (session="a22083e95b6002db6175a4349401d90a", element="0.5486647021957638-580")>clicked)
2018-05-10 10:23:17,711    DEBUG [logout完了])
2018-05-10 10:23:24,288    DEBUG [コピー対象（JPG）]JPG_2018017-a.tar.gz,JPG_2018017-b.tar.gz,JPG_2018017-c.tar.gz,JPG_2018017-d.tar.gz,JPG_2018017-e.tar.gz,JPG_2018017-f.tar.gz,JPG_2018017-g.tar.gz,JPG_2018017-h.tar.gz,JPG_2018017-i.tar.gz,JPG_2018017-j.tar.gz)
2018-05-10 10:23:24,318    DEBUG [コピー対象（JPH）]JPH_2018017-a.tar.gz,JPH_2018017-b.tar.gz,JPH_2018017-c.tar.gz,JPH_2018017-d.tar.gz,JPH_2018017-e.tar.gz,JPH_2018017-f.tar.gz,JPH_2018017-g.tar.gz,JPH_2018017-h.tar.gz)
2018-05-10 10:23:24,345    DEBUG [C:\Users\常重　友佑\Downloads\JPG_2018017_downfiles\ へ移動完了])
2018-05-10 10:23:24,358    DEBUG [C:\Users\常重　友佑\Downloads\JPH_2018017_downfiles\ へ移動完了])
2018-05-10 10:25:24,163    DEBUG copy /b JPG_2018017_downfiles\*.tar.gz JPG_2018017.tar.gzコピー処理開始)
2018-05-10 10:25:24,211    DEBUG copy /b JPH_2018017_downfiles\*.tar.gz JPH_2018017.tar.gzコピー処理開始)
2018-05-10 10:28:41,719    DEBUG D:\workDdrive\作業系\特許DBインポート\1jpg\JPG_2018017作成)
2018-05-10 10:28:41,733    DEBUG D:\workDdrive\作業系\特許DBインポート\2jph\JPH_2018017作成)
