2018-07-19 10:23:24,326    DEBUG [login成功])
2018-07-19 10:23:44,356    DEBUG <selenium.webdriver.remote.webelement.WebElement (session="4c8216bd358c78a6b589a0e81d5e4e0f", element="0.9677174700341062-94")>clicked)
2018-07-19 10:25:24,553    DEBUG <selenium.webdriver.remote.webelement.WebElement (session="4c8216bd358c78a6b589a0e81d5e4e0f", element="0.9677174700341062-95")>clicked)
2018-07-19 10:27:04,697    DEBUG <selenium.webdriver.remote.webelement.WebElement (session="4c8216bd358c78a6b589a0e81d5e4e0f", element="0.9677174700341062-96")>clicked)
2018-07-19 10:28:44,911    DEBUG <selenium.webdriver.remote.webelement.WebElement (session="4c8216bd358c78a6b589a0e81d5e4e0f", element="0.9677174700341062-97")>clicked)
2018-07-19 10:30:25,094    DEBUG <selenium.webdriver.remote.webelement.WebElement (session="4c8216bd358c78a6b589a0e81d5e4e0f", element="0.9677174700341062-98")>clicked)
2018-07-19 10:32:05,256    DEBUG <selenium.webdriver.remote.webelement.WebElement (session="4c8216bd358c78a6b589a0e81d5e4e0f", element="0.9677174700341062-99")>clicked)
2018-07-19 10:33:45,429    DEBUG <selenium.webdriver.remote.webelement.WebElement (session="4c8216bd358c78a6b589a0e81d5e4e0f", element="0.9677174700341062-100")>clicked)
2018-07-19 10:35:25,594    DEBUG <selenium.webdriver.remote.webelement.WebElement (session="4c8216bd358c78a6b589a0e81d5e4e0f", element="0.9677174700341062-101")>clicked)
2018-07-19 10:37:05,753    DEBUG <selenium.webdriver.remote.webelement.WebElement (session="4c8216bd358c78a6b589a0e81d5e4e0f", element="0.9677174700341062-589")>clicked)
2018-07-19 10:38:45,902    DEBUG <selenium.webdriver.remote.webelement.WebElement (session="4c8216bd358c78a6b589a0e81d5e4e0f", element="0.9677174700341062-590")>clicked)
2018-07-19 10:40:26,054    DEBUG <selenium.webdriver.remote.webelement.WebElement (session="4c8216bd358c78a6b589a0e81d5e4e0f", element="0.9677174700341062-591")>clicked)
2018-07-19 10:42:06,208    DEBUG <selenium.webdriver.remote.webelement.WebElement (session="4c8216bd358c78a6b589a0e81d5e4e0f", element="0.9677174700341062-592")>clicked)
2018-07-19 10:43:46,360    DEBUG <selenium.webdriver.remote.webelement.WebElement (session="4c8216bd358c78a6b589a0e81d5e4e0f", element="0.9677174700341062-593")>clicked)
2018-07-19 10:45:26,519    DEBUG <selenium.webdriver.remote.webelement.WebElement (session="4c8216bd358c78a6b589a0e81d5e4e0f", element="0.9677174700341062-594")>clicked)
2018-07-19 10:47:06,668    DEBUG <selenium.webdriver.remote.webelement.WebElement (session="4c8216bd358c78a6b589a0e81d5e4e0f", element="0.9677174700341062-595")>clicked)
2018-07-19 10:48:46,819    DEBUG <selenium.webdriver.remote.webelement.WebElement (session="4c8216bd358c78a6b589a0e81d5e4e0f", element="0.9677174700341062-596")>clicked)
2018-07-19 10:50:27,455    DEBUG [logout完了])
2018-07-19 10:50:43,133    DEBUG [コピー対象（JPG）]JPG_2018027-a.tar.gz,JPG_2018027-b.tar.gz,JPG_2018027-c.tar.gz,JPG_2018027-d.tar.gz,JPG_2018027-e.tar.gz,JPG_2018027-f.tar.gz,JPG_2018027-g.tar.gz,JPG_2018027-h.tar.gz)
2018-07-19 10:50:43,339    DEBUG [コピー対象（JPH）]JPH_2018027-a.tar.gz,JPH_2018027-b.tar.gz,JPH_2018027-c.tar.gz,JPH_2018027-d.tar.gz,JPH_2018027-e.tar.gz,JPH_2018027-f.tar.gz,JPH_2018027-g.tar.gz,JPH_2018027-h.tar.gz)
2018-07-19 10:50:43,666    DEBUG [C:\Users\常重　友佑\Downloads\JPG_2018027_downfiles\ へ移動完了])
2018-07-19 10:50:43,678    DEBUG [C:\Users\常重　友佑\Downloads\JPH_2018027_downfiles\ へ移動完了])
2018-07-19 10:56:21,996    DEBUG copy /b JPG_2018027_downfiles\*.tar.gz JPG_2018027.tar.gzコピー処理開始)
2018-07-19 10:56:22,141    DEBUG copy /b JPH_2018027_downfiles\*.tar.gz JPH_2018027.tar.gzコピー処理開始)
2018-07-19 11:02:36,468    DEBUG D:\workDdrive\作業系\特許DBインポート\1jpg\JPG_2018027作成)
2018-07-19 11:02:36,524    DEBUG D:\workDdrive\作業系\特許DBインポート\2jph\JPH_2018027作成)
