2018-06-14 09:58:58,661    DEBUG [login成功])
2018-06-14 09:59:18,075    DEBUG <selenium.webdriver.remote.webelement.WebElement (session="20ed2d8718283c09f88f209fc1080a76", element="0.8925365376497325-91")>clicked)
2018-06-14 10:01:03,230    DEBUG <selenium.webdriver.remote.webelement.WebElement (session="20ed2d8718283c09f88f209fc1080a76", element="0.8925365376497325-92")>clicked)
2018-06-14 10:02:48,366    DEBUG <selenium.webdriver.remote.webelement.WebElement (session="20ed2d8718283c09f88f209fc1080a76", element="0.8925365376497325-93")>clicked)
2018-06-14 10:04:33,490    DEBUG <selenium.webdriver.remote.webelement.WebElement (session="20ed2d8718283c09f88f209fc1080a76", element="0.8925365376497325-94")>clicked)
2018-06-14 10:06:18,649    DEBUG <selenium.webdriver.remote.webelement.WebElement (session="20ed2d8718283c09f88f209fc1080a76", element="0.8925365376497325-95")>clicked)
2018-06-14 10:08:03,804    DEBUG <selenium.webdriver.remote.webelement.WebElement (session="20ed2d8718283c09f88f209fc1080a76", element="0.8925365376497325-96")>clicked)
2018-06-14 10:09:48,950    DEBUG <selenium.webdriver.remote.webelement.WebElement (session="20ed2d8718283c09f88f209fc1080a76", element="0.8925365376497325-97")>clicked)
2018-06-14 10:11:34,079    DEBUG <selenium.webdriver.remote.webelement.WebElement (session="20ed2d8718283c09f88f209fc1080a76", element="0.8925365376497325-98")>clicked)
2018-06-14 10:13:19,219    DEBUG <selenium.webdriver.remote.webelement.WebElement (session="20ed2d8718283c09f88f209fc1080a76", element="0.8925365376497325-99")>clicked)
2018-06-14 10:15:04,393    DEBUG <selenium.webdriver.remote.webelement.WebElement (session="20ed2d8718283c09f88f209fc1080a76", element="0.8925365376497325-100")>clicked)
2018-06-14 10:16:49,518    DEBUG <selenium.webdriver.remote.webelement.WebElement (session="20ed2d8718283c09f88f209fc1080a76", element="0.8925365376497325-101")>clicked)
2018-06-14 10:18:34,647    DEBUG <selenium.webdriver.remote.webelement.WebElement (session="20ed2d8718283c09f88f209fc1080a76", element="0.8925365376497325-102")>clicked)
2018-06-14 10:20:19,780    DEBUG <selenium.webdriver.remote.webelement.WebElement (session="20ed2d8718283c09f88f209fc1080a76", element="0.8925365376497325-579")>clicked)
2018-06-14 10:22:04,920    DEBUG <selenium.webdriver.remote.webelement.WebElement (session="20ed2d8718283c09f88f209fc1080a76", element="0.8925365376497325-580")>clicked)
2018-06-14 10:23:50,047    DEBUG <selenium.webdriver.remote.webelement.WebElement (session="20ed2d8718283c09f88f209fc1080a76", element="0.8925365376497325-581")>clicked)
2018-06-14 10:25:35,178    DEBUG <selenium.webdriver.remote.webelement.WebElement (session="20ed2d8718283c09f88f209fc1080a76", element="0.8925365376497325-582")>clicked)
2018-06-14 10:27:20,302    DEBUG <selenium.webdriver.remote.webelement.WebElement (session="20ed2d8718283c09f88f209fc1080a76", element="0.8925365376497325-583")>clicked)
2018-06-14 10:29:05,454    DEBUG <selenium.webdriver.remote.webelement.WebElement (session="20ed2d8718283c09f88f209fc1080a76", element="0.8925365376497325-584")>clicked)
2018-06-14 10:30:50,595    DEBUG <selenium.webdriver.remote.webelement.WebElement (session="20ed2d8718283c09f88f209fc1080a76", element="0.8925365376497325-585")>clicked)
2018-06-14 10:32:35,731    DEBUG <selenium.webdriver.remote.webelement.WebElement (session="20ed2d8718283c09f88f209fc1080a76", element="0.8925365376497325-586")>clicked)
2018-06-14 10:34:21,277    DEBUG [logout完了])
2018-06-14 10:34:28,437    DEBUG [コピー対象（JPG）]JPG_2018022-a.tar.gz,JPG_2018022-b.tar.gz,JPG_2018022-c.tar.gz,JPG_2018022-d.tar.gz,JPG_2018022-e.tar.gz,JPG_2018022-f.tar.gz,JPG_2018022-g.tar.gz,JPG_2018022-h.tar.gz,JPG_2018022-i.tar.gz,JPG_2018022-j.tar.gz,JPG_2018022-k.tar.gz,JPG_2018022-l.tar.gz)
2018-06-14 10:34:28,453    DEBUG [コピー対象（JPH）]JPH_2018022-a.tar.gz,JPH_2018022-b.tar.gz,JPH_2018022-c.tar.gz,JPH_2018022-d.tar.gz,JPH_2018022-e.tar.gz,JPH_2018022-f.tar.gz,JPH_2018022-g.tar.gz,JPH_2018022-h.tar.gz)
2018-06-14 10:34:28,593    DEBUG [C:\Users\常重　友佑\Downloads\JPG_2018022_downfiles\ へ移動完了])
2018-06-14 10:34:28,605    DEBUG [C:\Users\常重　友佑\Downloads\JPH_2018022_downfiles\ へ移動完了])
2018-06-14 10:37:44,781    DEBUG copy /b JPG_2018022_downfiles\*.tar.gz JPG_2018022.tar.gzコピー処理開始)
2018-06-14 10:37:44,874    DEBUG copy /b JPH_2018022_downfiles\*.tar.gz JPH_2018022.tar.gzコピー処理開始)
2018-06-14 10:42:53,591    DEBUG D:\workDdrive\作業系\特許DBインポート\1jpg\JPG_2018022作成)
2018-06-14 10:42:53,627    DEBUG D:\workDdrive\作業系\特許DBインポート\2jph\JPH_2018022作成)
