2018-05-31 12:16:33,610    DEBUG [login成功])
2018-05-31 12:17:03,842    DEBUG <selenium.webdriver.remote.webelement.WebElement (session="9d1f61e4b20f6d6b75588fdc5785af13", element="0.6122342189430268-86")>clicked)
2018-05-31 12:18:48,987    DEBUG <selenium.webdriver.remote.webelement.WebElement (session="9d1f61e4b20f6d6b75588fdc5785af13", element="0.6122342189430268-87")>clicked)
2018-05-31 12:20:34,164    DEBUG <selenium.webdriver.remote.webelement.WebElement (session="9d1f61e4b20f6d6b75588fdc5785af13", element="0.6122342189430268-88")>clicked)
2018-05-31 12:22:19,322    DEBUG <selenium.webdriver.remote.webelement.WebElement (session="9d1f61e4b20f6d6b75588fdc5785af13", element="0.6122342189430268-89")>clicked)
2018-05-31 12:24:04,499    DEBUG <selenium.webdriver.remote.webelement.WebElement (session="9d1f61e4b20f6d6b75588fdc5785af13", element="0.6122342189430268-90")>clicked)
2018-05-31 12:25:49,660    DEBUG <selenium.webdriver.remote.webelement.WebElement (session="9d1f61e4b20f6d6b75588fdc5785af13", element="0.6122342189430268-91")>clicked)
2018-05-31 12:27:34,829    DEBUG <selenium.webdriver.remote.webelement.WebElement (session="9d1f61e4b20f6d6b75588fdc5785af13", element="0.6122342189430268-92")>clicked)
2018-05-31 12:29:14,990    DEBUG <selenium.webdriver.remote.webelement.WebElement (session="9d1f61e4b20f6d6b75588fdc5785af13", element="0.6122342189430268-572")>clicked)
2018-05-31 12:30:55,183    DEBUG <selenium.webdriver.remote.webelement.WebElement (session="9d1f61e4b20f6d6b75588fdc5785af13", element="0.6122342189430268-573")>clicked)
2018-05-31 12:32:35,342    DEBUG <selenium.webdriver.remote.webelement.WebElement (session="9d1f61e4b20f6d6b75588fdc5785af13", element="0.6122342189430268-574")>clicked)
2018-05-31 12:34:15,483    DEBUG <selenium.webdriver.remote.webelement.WebElement (session="9d1f61e4b20f6d6b75588fdc5785af13", element="0.6122342189430268-575")>clicked)
2018-05-31 12:35:55,624    DEBUG <selenium.webdriver.remote.webelement.WebElement (session="9d1f61e4b20f6d6b75588fdc5785af13", element="0.6122342189430268-576")>clicked)
2018-05-31 12:37:35,759    DEBUG <selenium.webdriver.remote.webelement.WebElement (session="9d1f61e4b20f6d6b75588fdc5785af13", element="0.6122342189430268-577")>clicked)
2018-05-31 12:39:15,912    DEBUG <selenium.webdriver.remote.webelement.WebElement (session="9d1f61e4b20f6d6b75588fdc5785af13", element="0.6122342189430268-578")>clicked)
2018-05-31 12:40:56,053    DEBUG <selenium.webdriver.remote.webelement.WebElement (session="9d1f61e4b20f6d6b75588fdc5785af13", element="0.6122342189430268-579")>clicked)
2018-05-31 12:42:36,194    DEBUG <selenium.webdriver.remote.webelement.WebElement (session="9d1f61e4b20f6d6b75588fdc5785af13", element="0.6122342189430268-580")>clicked)
2018-05-31 12:44:16,336    DEBUG <selenium.webdriver.remote.webelement.WebElement (session="9d1f61e4b20f6d6b75588fdc5785af13", element="0.6122342189430268-581")>clicked)
2018-05-31 12:45:56,506    DEBUG <selenium.webdriver.remote.webelement.WebElement (session="9d1f61e4b20f6d6b75588fdc5785af13", element="0.6122342189430268-582")>clicked)
2018-05-31 12:47:37,040    DEBUG [logout完了])
2018-05-31 12:47:43,718    DEBUG [コピー対象（JPG）]JPG_2018020-a.tar.gz,JPG_2018020-b.tar.gz,JPG_2018020-c.tar.gz,JPG_2018020-d.tar.gz,JPG_2018020-e.tar.gz,JPG_2018020-f.tar.gz,JPG_2018020-g.tar.gz)
2018-05-31 12:47:43,749    DEBUG [コピー対象（JPH）]JPH_2018020-a.tar.gz,JPH_2018020-b.tar.gz,JPH_2018020-c.tar.gz,JPH_2018020-d.tar.gz,JPH_2018020-e.tar.gz,JPH_2018020-f.tar.gz,JPH_2018020-g.tar.gz,JPH_2018020-h.tar.gz,JPH_2018020-i.tar.gz,JPH_2018020-j.tar.gz,JPH_2018020-k.tar.gz)
2018-05-31 12:47:43,766    DEBUG [C:\Users\常重　友佑\Downloads\JPG_2018020_downfiles\ へ移動完了])
2018-05-31 12:47:43,778    DEBUG [C:\Users\常重　友佑\Downloads\JPH_2018020_downfiles\ へ移動完了])
2018-05-31 12:49:09,445    DEBUG copy /b JPG_2018020_downfiles\*.tar.gz JPG_2018020.tar.gzコピー処理開始)
2018-05-31 12:49:09,467    DEBUG copy /b JPH_2018020_downfiles\*.tar.gz JPH_2018020.tar.gzコピー処理開始)
2018-05-31 12:51:15,315    DEBUG D:\workDdrive\作業系\特許DBインポート\1jpg\JPG_2018020作成)
2018-05-31 12:51:15,329    DEBUG D:\workDdrive\作業系\特許DBインポート\2jph\JPH_2018020作成)
