2018-05-17 09:56:32,241    DEBUG [login成功])
2018-05-17 09:56:57,526    DEBUG <selenium.webdriver.remote.webelement.WebElement (session="02bffcfe1d07dd406df2ac48e99fbe46", element="0.2928757279226528-88")>clicked)
2018-05-17 09:58:42,675    DEBUG <selenium.webdriver.remote.webelement.WebElement (session="02bffcfe1d07dd406df2ac48e99fbe46", element="0.2928757279226528-89")>clicked)
2018-05-17 10:00:27,871    DEBUG <selenium.webdriver.remote.webelement.WebElement (session="02bffcfe1d07dd406df2ac48e99fbe46", element="0.2928757279226528-90")>clicked)
2018-05-17 10:02:13,034    DEBUG <selenium.webdriver.remote.webelement.WebElement (session="02bffcfe1d07dd406df2ac48e99fbe46", element="0.2928757279226528-91")>clicked)
2018-05-17 10:03:58,251    DEBUG <selenium.webdriver.remote.webelement.WebElement (session="02bffcfe1d07dd406df2ac48e99fbe46", element="0.2928757279226528-92")>clicked)
2018-05-17 10:05:43,438    DEBUG <selenium.webdriver.remote.webelement.WebElement (session="02bffcfe1d07dd406df2ac48e99fbe46", element="0.2928757279226528-93")>clicked)
2018-05-17 10:07:28,578    DEBUG <selenium.webdriver.remote.webelement.WebElement (session="02bffcfe1d07dd406df2ac48e99fbe46", element="0.2928757279226528-94")>clicked)
2018-05-17 10:09:13,717    DEBUG <selenium.webdriver.remote.webelement.WebElement (session="02bffcfe1d07dd406df2ac48e99fbe46", element="0.2928757279226528-95")>clicked)
2018-05-17 10:10:58,854    DEBUG <selenium.webdriver.remote.webelement.WebElement (session="02bffcfe1d07dd406df2ac48e99fbe46", element="0.2928757279226528-96")>clicked)
2018-05-17 10:12:43,997    DEBUG <selenium.webdriver.remote.webelement.WebElement (session="02bffcfe1d07dd406df2ac48e99fbe46", element="0.2928757279226528-582")>clicked)
2018-05-17 10:14:29,136    DEBUG <selenium.webdriver.remote.webelement.WebElement (session="02bffcfe1d07dd406df2ac48e99fbe46", element="0.2928757279226528-583")>clicked)
2018-05-17 10:16:14,290    DEBUG <selenium.webdriver.remote.webelement.WebElement (session="02bffcfe1d07dd406df2ac48e99fbe46", element="0.2928757279226528-584")>clicked)
2018-05-17 10:17:59,418    DEBUG <selenium.webdriver.remote.webelement.WebElement (session="02bffcfe1d07dd406df2ac48e99fbe46", element="0.2928757279226528-585")>clicked)
2018-05-17 10:19:44,586    DEBUG <selenium.webdriver.remote.webelement.WebElement (session="02bffcfe1d07dd406df2ac48e99fbe46", element="0.2928757279226528-586")>clicked)
2018-05-17 10:21:29,712    DEBUG <selenium.webdriver.remote.webelement.WebElement (session="02bffcfe1d07dd406df2ac48e99fbe46", element="0.2928757279226528-587")>clicked)
2018-05-17 10:23:14,869    DEBUG <selenium.webdriver.remote.webelement.WebElement (session="02bffcfe1d07dd406df2ac48e99fbe46", element="0.2928757279226528-588")>clicked)
2018-05-17 10:25:01,205    DEBUG [logout完了])
2018-05-17 10:25:07,984    DEBUG [コピー対象（JPG）]JPG_2018018-a.tar.gz,JPG_2018018-b.tar.gz,JPG_2018018-c.tar.gz,JPG_2018018-d.tar.gz,JPG_2018018-e.tar.gz,JPG_2018018-f.tar.gz,JPG_2018018-g.tar.gz,JPG_2018018-h.tar.gz,JPG_2018018-i.tar.gz)
2018-05-17 10:25:08,046    DEBUG [コピー対象（JPH）]JPH_2018018-a.tar.gz,JPH_2018018-b.tar.gz,JPH_2018018-c.tar.gz,JPH_2018018-d.tar.gz,JPH_2018018-e.tar.gz,JPH_2018018-f.tar.gz,JPH_2018018-g.tar.gz)
2018-05-17 10:25:08,077    DEBUG [C:\Users\常重　友佑\Downloads\JPG_2018018_downfiles\ へ移動完了])
2018-05-17 10:25:08,094    DEBUG [C:\Users\常重　友佑\Downloads\JPH_2018018_downfiles\ へ移動完了])
2018-05-17 10:30:48,162    DEBUG copy /b JPG_2018018_downfiles\*.tar.gz JPG_2018018.tar.gzコピー処理開始)
2018-05-17 10:30:48,190    DEBUG copy /b JPH_2018018_downfiles\*.tar.gz JPH_2018018.tar.gzコピー処理開始)
2018-05-17 10:33:44,055    DEBUG D:\workDdrive\作業系\特許DBインポート\1jpg\JPG_2018018作成)
2018-05-17 10:33:44,139    DEBUG D:\workDdrive\作業系\特許DBインポート\2jph\JPH_2018018作成)
