2018-03-22 09:53:55,736    DEBUG [login成功])
2018-03-22 09:54:16,880    DEBUG [Download対象][,<,s,e,l,e,n,i,u,m,.,w,e,b,d,r,i,v,e,r,.,r,e,m,o,t,e,.,w,e,b,e,l,e,m,e,n,t,.,W,e,b,E,l,e,m,e,n,t, ,(,s,e,s,s,i,o,n,=,",3,d,1,4,8,f,b,7,d,2,c,0,b,2,9,d,c,9,7,0,1,8,3,2,d,1,e,4,7,3,d,5,",,, ,e,l,e,m,e,n,t,=,",0,.,9,7,7,7,1,8,9,6,5,7,3,9,6,2,7,7,-,8,5,",),>,,, ,<,s,e,l,e,n,i,u,m,.,w,e,b,d,r,i,v,e,r,.,r,e,m,o,t,e,.,w,e,b,e,l,e,m,e,n,t,.,W,e,b,E,l,e,m,e,n,t, ,(,s,e,s,s,i,o,n,=,",3,d,1,4,8,f,b,7,d,2,c,0,b,2,9,d,c,9,7,0,1,8,3,2,d,1,e,4,7,3,d,5,",,, ,e,l,e,m,e,n,t,=,",0,.,9,7,7,7,1,8,9,6,5,7,3,9,6,2,7,7,-,8,6,",),>,,, ,<,s,e,l,e,n,i,u,m,.,w,e,b,d,r,i,v,e,r,.,r,e,m,o,t,e,.,w,e,b,e,l,e,m,e,n,t,.,W,e,b,E,l,e,m,e,n,t, ,(,s,e,s,s,i,o,n,=,",3,d,1,4,8,f,b,7,d,2,c,0,b,2,9,d,c,9,7,0,1,8,3,2,d,1,e,4,7,3,d,5,",,, ,e,l,e,m,e,n,t,=,",0,.,9,7,7,7,1,8,9,6,5,7,3,9,6,2,7,7,-,8,7,",),>,,, ,<,s,e,l,e,n,i,u,m,.,w,e,b,d,r,i,v,e,r,.,r,e,m,o,t,e,.,w,e,b,e,l,e,m,e,n,t,.,W,e,b,E,l,e,m,e,n,t, ,(,s,e,s,s,i,o,n,=,",3,d,1,4,8,f,b,7,d,2,c,0,b,2,9,d,c,9,7,0,1,8,3,2,d,1,e,4,7,3,d,5,",,, ,e,l,e,m,e,n,t,=,",0,.,9,7,7,7,1,8,9,6,5,7,3,9,6,2,7,7,-,8,8,",),>,,, ,<,s,e,l,e,n,i,u,m,.,w,e,b,d,r,i,v,e,r,.,r,e,m,o,t,e,.,w,e,b,e,l,e,m,e,n,t,.,W,e,b,E,l,e,m,e,n,t, ,(,s,e,s,s,i,o,n,=,",3,d,1,4,8,f,b,7,d,2,c,0,b,2,9,d,c,9,7,0,1,8,3,2,d,1,e,4,7,3,d,5,",,, ,e,l,e,m,e,n,t,=,",0,.,9,7,7,7,1,8,9,6,5,7,3,9,6,2,7,7,-,8,9,",),>,,, ,<,s,e,l,e,n,i,u,m,.,w,e,b,d,r,i,v,e,r,.,r,e,m,o,t,e,.,w,e,b,e,l,e,m,e,n,t,.,W,e,b,E,l,e,m,e,n,t, ,(,s,e,s,s,i,o,n,=,",3,d,1,4,8,f,b,7,d,2,c,0,b,2,9,d,c,9,7,0,1,8,3,2,d,1,e,4,7,3,d,5,",,, ,e,l,e,m,e,n,t,=,",0,.,9,7,7,7,1,8,9,6,5,7,3,9,6,2,7,7,-,9,0,",),>,,, ,<,s,e,l,e,n,i,u,m,.,w,e,b,d,r,i,v,e,r,.,r,e,m,o,t,e,.,w,e,b,e,l,e,m,e,n,t,.,W,e,b,E,l,e,m,e,n,t, ,(,s,e,s,s,i,o,n,=,",3,d,1,4,8,f,b,7,d,2,c,0,b,2,9,d,c,9,7,0,1,8,3,2,d,1,e,4,7,3,d,5,",,, ,e,l,e,m,e,n,t,=,",0,.,9,7,7,7,1,8,9,6,5,7,3,9,6,2,7,7,-,9,1,",),>,,, ,<,s,e,l,e,n,i,u,m,.,w,e,b,d,r,i,v,e,r,.,r,e,m,o,t,e,.,w,e,b,e,l,e,m,e,n,t,.,W,e,b,E,l,e,m,e,n,t, ,(,s,e,s,s,i,o,n,=,",3,d,1,4,8,f,b,7,d,2,c,0,b,2,9,d,c,9,7,0,1,8,3,2,d,1,e,4,7,3,d,5,",,, ,e,l,e,m,e,n,t,=,",0,.,9,7,7,7,1,8,9,6,5,7,3,9,6,2,7,7,-,9,2,",),>,,, ,<,s,e,l,e,n,i,u,m,.,w,e,b,d,r,i,v,e,r,.,r,e,m,o,t,e,.,w,e,b,e,l,e,m,e,n,t,.,W,e,b,E,l,e,m,e,n,t, ,(,s,e,s,s,i,o,n,=,",3,d,1,4,8,f,b,7,d,2,c,0,b,2,9,d,c,9,7,0,1,8,3,2,d,1,e,4,7,3,d,5,",,, ,e,l,e,m,e,n,t,=,",0,.,9,7,7,7,1,8,9,6,5,7,3,9,6,2,7,7,-,9,3,",),>,,, ,<,s,e,l,e,n,i,u,m,.,w,e,b,d,r,i,v,e,r,.,r,e,m,o,t,e,.,w,e,b,e,l,e,m,e,n,t,.,W,e,b,E,l,e,m,e,n,t, ,(,s,e,s,s,i,o,n,=,",3,d,1,4,8,f,b,7,d,2,c,0,b,2,9,d,c,9,7,0,1,8,3,2,d,1,e,4,7,3,d,5,",,, ,e,l,e,m,e,n,t,=,",0,.,9,7,7,7,1,8,9,6,5,7,3,9,6,2,7,7,-,5,7,9,",),>,,, ,<,s,e,l,e,n,i,u,m,.,w,e,b,d,r,i,v,e,r,.,r,e,m,o,t,e,.,w,e,b,e,l,e,m,e,n,t,.,W,e,b,E,l,e,m,e,n,t, ,(,s,e,s,s,i,o,n,=,",3,d,1,4,8,f,b,7,d,2,c,0,b,2,9,d,c,9,7,0,1,8,3,2,d,1,e,4,7,3,d,5,",,, ,e,l,e,m,e,n,t,=,",0,.,9,7,7,7,1,8,9,6,5,7,3,9,6,2,7,7,-,5,8,0,",),>,,, ,<,s,e,l,e,n,i,u,m,.,w,e,b,d,r,i,v,e,r,.,r,e,m,o,t,e,.,w,e,b,e,l,e,m,e,n,t,.,W,e,b,E,l,e,m,e,n,t, ,(,s,e,s,s,i,o,n,=,",3,d,1,4,8,f,b,7,d,2,c,0,b,2,9,d,c,9,7,0,1,8,3,2,d,1,e,4,7,3,d,5,",,, ,e,l,e,m,e,n,t,=,",0,.,9,7,7,7,1,8,9,6,5,7,3,9,6,2,7,7,-,5,8,1,",),>,,, ,<,s,e,l,e,n,i,u,m,.,w,e,b,d,r,i,v,e,r,.,r,e,m,o,t,e,.,w,e,b,e,l,e,m,e,n,t,.,W,e,b,E,l,e,m,e,n,t, ,(,s,e,s,s,i,o,n,=,",3,d,1,4,8,f,b,7,d,2,c,0,b,2,9,d,c,9,7,0,1,8,3,2,d,1,e,4,7,3,d,5,",,, ,e,l,e,m,e,n,t,=,",0,.,9,7,7,7,1,8,9,6,5,7,3,9,6,2,7,7,-,5,8,2,",),>,,, ,<,s,e,l,e,n,i,u,m,.,w,e,b,d,r,i,v,e,r,.,r,e,m,o,t,e,.,w,e,b,e,l,e,m,e,n,t,.,W,e,b,E,l,e,m,e,n,t, ,(,s,e,s,s,i,o,n,=,",3,d,1,4,8,f,b,7,d,2,c,0,b,2,9,d,c,9,7,0,1,8,3,2,d,1,e,4,7,3,d,5,",,, ,e,l,e,m,e,n,t,=,",0,.,9,7,7,7,1,8,9,6,5,7,3,9,6,2,7,7,-,5,8,3,",),>,,, ,<,s,e,l,e,n,i,u,m,.,w,e,b,d,r,i,v,e,r,.,r,e,m,o,t,e,.,w,e,b,e,l,e,m,e,n,t,.,W,e,b,E,l,e,m,e,n,t, ,(,s,e,s,s,i,o,n,=,",3,d,1,4,8,f,b,7,d,2,c,0,b,2,9,d,c,9,7,0,1,8,3,2,d,1,e,4,7,3,d,5,",,, ,e,l,e,m,e,n,t,=,",0,.,9,7,7,7,1,8,9,6,5,7,3,9,6,2,7,7,-,5,8,4,",),>,,, ,<,s,e,l,e,n,i,u,m,.,w,e,b,d,r,i,v,e,r,.,r,e,m,o,t,e,.,w,e,b,e,l,e,m,e,n,t,.,W,e,b,E,l,e,m,e,n,t, ,(,s,e,s,s,i,o,n,=,",3,d,1,4,8,f,b,7,d,2,c,0,b,2,9,d,c,9,7,0,1,8,3,2,d,1,e,4,7,3,d,5,",,, ,e,l,e,m,e,n,t,=,",0,.,9,7,7,7,1,8,9,6,5,7,3,9,6,2,7,7,-,5,8,5,",),>,])
2018-03-22 09:54:17,083    DEBUG <selenium.webdriver.remote.webelement.WebElement (session="3d148fb7d2c0b29dc9701832d1e473d5", element="0.9777189657396277-85")>clicked)
2018-03-22 09:55:52,205    DEBUG <selenium.webdriver.remote.webelement.WebElement (session="3d148fb7d2c0b29dc9701832d1e473d5", element="0.9777189657396277-86")>clicked)
2018-03-22 09:57:27,367    DEBUG <selenium.webdriver.remote.webelement.WebElement (session="3d148fb7d2c0b29dc9701832d1e473d5", element="0.9777189657396277-87")>clicked)
2018-03-22 09:59:02,519    DEBUG <selenium.webdriver.remote.webelement.WebElement (session="3d148fb7d2c0b29dc9701832d1e473d5", element="0.9777189657396277-88")>clicked)
2018-03-22 10:00:37,654    DEBUG <selenium.webdriver.remote.webelement.WebElement (session="3d148fb7d2c0b29dc9701832d1e473d5", element="0.9777189657396277-89")>clicked)
2018-03-22 10:02:12,793    DEBUG <selenium.webdriver.remote.webelement.WebElement (session="3d148fb7d2c0b29dc9701832d1e473d5", element="0.9777189657396277-90")>clicked)
2018-03-22 10:03:47,942    DEBUG <selenium.webdriver.remote.webelement.WebElement (session="3d148fb7d2c0b29dc9701832d1e473d5", element="0.9777189657396277-91")>clicked)
2018-03-22 10:05:23,069    DEBUG <selenium.webdriver.remote.webelement.WebElement (session="3d148fb7d2c0b29dc9701832d1e473d5", element="0.9777189657396277-92")>clicked)
2018-03-22 10:06:58,211    DEBUG <selenium.webdriver.remote.webelement.WebElement (session="3d148fb7d2c0b29dc9701832d1e473d5", element="0.9777189657396277-93")>clicked)
2018-03-22 10:08:33,374    DEBUG <selenium.webdriver.remote.webelement.WebElement (session="3d148fb7d2c0b29dc9701832d1e473d5", element="0.9777189657396277-579")>clicked)
2018-03-22 10:10:08,501    DEBUG <selenium.webdriver.remote.webelement.WebElement (session="3d148fb7d2c0b29dc9701832d1e473d5", element="0.9777189657396277-580")>clicked)
2018-03-22 10:11:43,657    DEBUG <selenium.webdriver.remote.webelement.WebElement (session="3d148fb7d2c0b29dc9701832d1e473d5", element="0.9777189657396277-581")>clicked)
2018-03-22 10:13:18,793    DEBUG <selenium.webdriver.remote.webelement.WebElement (session="3d148fb7d2c0b29dc9701832d1e473d5", element="0.9777189657396277-582")>clicked)
2018-03-22 10:14:53,939    DEBUG <selenium.webdriver.remote.webelement.WebElement (session="3d148fb7d2c0b29dc9701832d1e473d5", element="0.9777189657396277-583")>clicked)
2018-03-22 10:16:29,107    DEBUG <selenium.webdriver.remote.webelement.WebElement (session="3d148fb7d2c0b29dc9701832d1e473d5", element="0.9777189657396277-584")>clicked)
2018-03-22 10:18:04,251    DEBUG <selenium.webdriver.remote.webelement.WebElement (session="3d148fb7d2c0b29dc9701832d1e473d5", element="0.9777189657396277-585")>clicked)
2018-03-22 10:19:39,758    DEBUG [logout完了])
2018-03-22 10:19:47,031    DEBUG [コピー対象（JPG）]JPG_2018011-a.tar.gz,JPG_2018011-b.tar.gz,JPG_2018011-c.tar.gz,JPG_2018011-d.tar.gz,JPG_2018011-e.tar.gz,JPG_2018011-f.tar.gz,JPG_2018011-g.tar.gz,JPG_2018011-h.tar.gz,JPG_2018011-i.tar.gz)
2018-03-22 10:19:47,060    DEBUG [コピー対象（JPH）]JPH_2018011-a.tar.gz,JPH_2018011-b.tar.gz,JPH_2018011-c.tar.gz,JPH_2018011-d.tar.gz,JPH_2018011-e.tar.gz,JPH_2018011-f.tar.gz,JPH_2018011-g.tar.gz)
2018-03-22 10:19:47,129    DEBUG [C:\Users\常重　友佑\Downloads\JPG_2018011_downfiles\ へ移動完了])
2018-03-22 10:19:47,139    DEBUG [C:\Users\常重　友佑\Downloads\JPH_2018011_downfiles\ へ移動完了])
2018-03-22 10:19:47,461    DEBUG copy /b JPG_2018011_downfiles\*.tar.gz JPG_2018011.tar.gzコピー処理開始)
2018-03-22 10:19:47,466    DEBUG copy /b JPH_2018011_downfiles\*.tar.gz JPH_2018011.tar.gzコピー処理開始)
2018-03-22 10:25:37,058    DEBUG C:\work\作業系\特許DBインポート\1jpg\JPG_2018011作成)
2018-03-22 10:25:37,163    DEBUG C:\work\作業系\特許DBインポート\2jph\JPH_2018011作成)
