2018-07-05 15:37:00,932    DEBUG [login成功])
2018-07-05 15:37:25,928    DEBUG <selenium.webdriver.remote.webelement.WebElement (session="d990b28afbdb3246dc2600d2ececab18", element="0.11018133481363446-117")>clicked)
2018-07-05 15:39:11,073    DEBUG <selenium.webdriver.remote.webelement.WebElement (session="d990b28afbdb3246dc2600d2ececab18", element="0.11018133481363446-118")>clicked)
2018-07-05 15:40:56,214    DEBUG <selenium.webdriver.remote.webelement.WebElement (session="d990b28afbdb3246dc2600d2ececab18", element="0.11018133481363446-119")>clicked)
2018-07-05 15:42:41,349    DEBUG <selenium.webdriver.remote.webelement.WebElement (session="d990b28afbdb3246dc2600d2ececab18", element="0.11018133481363446-120")>clicked)
2018-07-05 15:44:26,531    DEBUG <selenium.webdriver.remote.webelement.WebElement (session="d990b28afbdb3246dc2600d2ececab18", element="0.11018133481363446-121")>clicked)
2018-07-05 15:46:11,690    DEBUG <selenium.webdriver.remote.webelement.WebElement (session="d990b28afbdb3246dc2600d2ececab18", element="0.11018133481363446-122")>clicked)
2018-07-05 15:47:56,880    DEBUG <selenium.webdriver.remote.webelement.WebElement (session="d990b28afbdb3246dc2600d2ececab18", element="0.11018133481363446-123")>clicked)
2018-07-05 15:49:42,075    DEBUG <selenium.webdriver.remote.webelement.WebElement (session="d990b28afbdb3246dc2600d2ececab18", element="0.11018133481363446-124")>clicked)
2018-07-05 15:51:27,223    DEBUG <selenium.webdriver.remote.webelement.WebElement (session="d990b28afbdb3246dc2600d2ececab18", element="0.11018133481363446-599")>clicked)
2018-07-05 15:53:12,363    DEBUG <selenium.webdriver.remote.webelement.WebElement (session="d990b28afbdb3246dc2600d2ececab18", element="0.11018133481363446-600")>clicked)
2018-07-05 15:54:57,566    DEBUG <selenium.webdriver.remote.webelement.WebElement (session="d990b28afbdb3246dc2600d2ececab18", element="0.11018133481363446-601")>clicked)
2018-07-05 15:56:42,951    DEBUG <selenium.webdriver.remote.webelement.WebElement (session="d990b28afbdb3246dc2600d2ececab18", element="0.11018133481363446-602")>clicked)
2018-07-05 15:58:28,109    DEBUG <selenium.webdriver.remote.webelement.WebElement (session="d990b28afbdb3246dc2600d2ececab18", element="0.11018133481363446-603")>clicked)
2018-07-05 16:00:13,249    DEBUG <selenium.webdriver.remote.webelement.WebElement (session="d990b28afbdb3246dc2600d2ececab18", element="0.11018133481363446-604")>clicked)
2018-07-05 16:01:58,397    DEBUG <selenium.webdriver.remote.webelement.WebElement (session="d990b28afbdb3246dc2600d2ececab18", element="0.11018133481363446-605")>clicked)
2018-07-05 16:03:43,746    DEBUG [logout完了])
2018-07-05 16:03:51,215    DEBUG [コピー対象（JPG）]JPG_2018023-a.tar.gz,JPG_2018023-b.tar.gz,JPG_2018023-c.tar.gz,JPG_2018023-d.tar.gz,JPG_2018023-e.tar.gz,JPG_2018023-f.tar.gz,JPG_2018023-g.tar.gz,JPG_2018023-h.tar.gz)
2018-07-05 16:03:51,239    DEBUG [コピー対象（JPH）]JPH_2018023-a.tar.gz,JPH_2018023-b.tar.gz,JPH_2018023-c.tar.gz,JPH_2018023-d.tar.gz,JPH_2018023-e.tar.gz,JPH_2018023-f.tar.gz,JPH_2018023-g.tar.gz)
2018-07-05 16:03:51,284    DEBUG [C:\Users\常重　友佑\Downloads\JPG_2018023_downfiles\ へ移動完了])
2018-07-05 16:03:51,294    DEBUG [C:\Users\常重　友佑\Downloads\JPH_2018023_downfiles\ へ移動完了])
2018-07-05 16:05:49,034    DEBUG copy /b JPG_2018023_downfiles\*.tar.gz JPG_2018023.tar.gzコピー処理開始)
2018-07-05 16:05:49,057    DEBUG copy /b JPH_2018023_downfiles\*.tar.gz JPH_2018023.tar.gzコピー処理開始)
2018-07-05 16:07:40,268    DEBUG D:\workDdrive\作業系\特許DBインポート\1jpg\JPG_2018023作成)
2018-07-05 16:07:40,282    DEBUG D:\workDdrive\作業系\特許DBインポート\2jph\JPH_2018023作成)
