2018-06-07 10:05:57,590    DEBUG [login成功])
2018-06-07 10:06:17,737    DEBUG <selenium.webdriver.remote.webelement.WebElement (session="692d4976a19f7eef4acd65c801f8fe44", element="0.24011078320716472-90")>clicked)
2018-06-07 10:08:02,882    DEBUG <selenium.webdriver.remote.webelement.WebElement (session="692d4976a19f7eef4acd65c801f8fe44", element="0.24011078320716472-91")>clicked)
2018-06-07 10:09:48,036    DEBUG <selenium.webdriver.remote.webelement.WebElement (session="692d4976a19f7eef4acd65c801f8fe44", element="0.24011078320716472-92")>clicked)
2018-06-07 10:11:33,171    DEBUG <selenium.webdriver.remote.webelement.WebElement (session="692d4976a19f7eef4acd65c801f8fe44", element="0.24011078320716472-93")>clicked)
2018-06-07 10:13:18,321    DEBUG <selenium.webdriver.remote.webelement.WebElement (session="692d4976a19f7eef4acd65c801f8fe44", element="0.24011078320716472-94")>clicked)
2018-06-07 10:15:03,469    DEBUG <selenium.webdriver.remote.webelement.WebElement (session="692d4976a19f7eef4acd65c801f8fe44", element="0.24011078320716472-95")>clicked)
2018-06-07 10:16:48,664    DEBUG <selenium.webdriver.remote.webelement.WebElement (session="692d4976a19f7eef4acd65c801f8fe44", element="0.24011078320716472-96")>clicked)
2018-06-07 10:18:33,865    DEBUG <selenium.webdriver.remote.webelement.WebElement (session="692d4976a19f7eef4acd65c801f8fe44", element="0.24011078320716472-97")>clicked)
2018-06-07 10:20:19,022    DEBUG <selenium.webdriver.remote.webelement.WebElement (session="692d4976a19f7eef4acd65c801f8fe44", element="0.24011078320716472-98")>clicked)
2018-06-07 10:22:04,178    DEBUG <selenium.webdriver.remote.webelement.WebElement (session="692d4976a19f7eef4acd65c801f8fe44", element="0.24011078320716472-99")>clicked)
2018-06-07 10:23:49,312    DEBUG <selenium.webdriver.remote.webelement.WebElement (session="692d4976a19f7eef4acd65c801f8fe44", element="0.24011078320716472-100")>clicked)
2018-06-07 10:25:34,446    DEBUG <selenium.webdriver.remote.webelement.WebElement (session="692d4976a19f7eef4acd65c801f8fe44", element="0.24011078320716472-101")>clicked)
2018-06-07 10:27:19,602    DEBUG <selenium.webdriver.remote.webelement.WebElement (session="692d4976a19f7eef4acd65c801f8fe44", element="0.24011078320716472-577")>clicked)
2018-06-07 10:29:04,747    DEBUG <selenium.webdriver.remote.webelement.WebElement (session="692d4976a19f7eef4acd65c801f8fe44", element="0.24011078320716472-578")>clicked)
2018-06-07 10:30:49,919    DEBUG <selenium.webdriver.remote.webelement.WebElement (session="692d4976a19f7eef4acd65c801f8fe44", element="0.24011078320716472-579")>clicked)
2018-06-07 10:32:35,085    DEBUG <selenium.webdriver.remote.webelement.WebElement (session="692d4976a19f7eef4acd65c801f8fe44", element="0.24011078320716472-580")>clicked)
2018-06-07 10:34:20,247    DEBUG <selenium.webdriver.remote.webelement.WebElement (session="692d4976a19f7eef4acd65c801f8fe44", element="0.24011078320716472-581")>clicked)
2018-06-07 10:36:05,390    DEBUG <selenium.webdriver.remote.webelement.WebElement (session="692d4976a19f7eef4acd65c801f8fe44", element="0.24011078320716472-582")>clicked)
2018-06-07 10:37:50,768    DEBUG <selenium.webdriver.remote.webelement.WebElement (session="692d4976a19f7eef4acd65c801f8fe44", element="0.24011078320716472-583")>clicked)
2018-06-07 10:39:35,912    DEBUG <selenium.webdriver.remote.webelement.WebElement (session="692d4976a19f7eef4acd65c801f8fe44", element="0.24011078320716472-584")>clicked)
2018-06-07 10:41:21,051    DEBUG <selenium.webdriver.remote.webelement.WebElement (session="692d4976a19f7eef4acd65c801f8fe44", element="0.24011078320716472-585")>clicked)
2018-06-07 10:43:06,405    DEBUG [logout完了])
2018-06-07 10:43:13,430    DEBUG [コピー対象（JPG）]JPG_2018021-a.tar.gz,JPG_2018021-b.tar.gz,JPG_2018021-c.tar.gz,JPG_2018021-d.tar.gz,JPG_2018021-e.tar.gz,JPG_2018021-f.tar.gz,JPG_2018021-g.tar.gz,JPG_2018021-h.tar.gz,JPG_2018021-i.tar.gz,JPG_2018021-j.tar.gz,JPG_2018021-k.tar.gz,JPG_2018021-l.tar.gz)
2018-06-07 10:43:13,461    DEBUG [コピー対象（JPH）]JPH_2018021-a.tar.gz,JPH_2018021-b.tar.gz,JPH_2018021-c.tar.gz,JPH_2018021-d.tar.gz,JPH_2018021-e.tar.gz,JPH_2018021-f.tar.gz,JPH_2018021-g.tar.gz,JPH_2018021-h.tar.gz,JPH_2018021-i.tar.gz)
2018-06-07 10:43:13,492    DEBUG [C:\Users\常重　友佑\Downloads\JPG_2018021_downfiles\ へ移動完了])
2018-06-07 10:43:13,520    DEBUG [C:\Users\常重　友佑\Downloads\JPH_2018021_downfiles\ へ移動完了])
2018-06-07 10:45:35,431    DEBUG copy /b JPG_2018021_downfiles\*.tar.gz JPG_2018021.tar.gzコピー処理開始)
2018-06-07 10:45:35,458    DEBUG copy /b JPH_2018021_downfiles\*.tar.gz JPH_2018021.tar.gzコピー処理開始)
2018-06-07 10:49:44,213    DEBUG D:\workDdrive\作業系\特許DBインポート\1jpg\JPG_2018021作成)
2018-06-07 10:57:26,783    DEBUG D:\workDdrive\作業系\特許DBインポート\2jph\JPH_2018021作成)
