2018-04-05 10:52:46,672    DEBUG [login成功])
2018-04-05 10:53:08,983    DEBUG [Download対象][,<,s,e,l,e,n,i,u,m,.,w,e,b,d,r,i,v,e,r,.,r,e,m,o,t,e,.,w,e,b,e,l,e,m,e,n,t,.,W,e,b,E,l,e,m,e,n,t, ,(,s,e,s,s,i,o,n,=,",a,1,7,6,7,e,8,e,0,b,3,5,a,c,f,5,1,2,1,7,c,5,7,8,9,d,2,1,1,7,6,0,",,, ,e,l,e,m,e,n,t,=,",0,.,5,2,0,4,9,0,0,2,9,6,6,7,8,3,9,2,-,8,6,",),>,,, ,<,s,e,l,e,n,i,u,m,.,w,e,b,d,r,i,v,e,r,.,r,e,m,o,t,e,.,w,e,b,e,l,e,m,e,n,t,.,W,e,b,E,l,e,m,e,n,t, ,(,s,e,s,s,i,o,n,=,",a,1,7,6,7,e,8,e,0,b,3,5,a,c,f,5,1,2,1,7,c,5,7,8,9,d,2,1,1,7,6,0,",,, ,e,l,e,m,e,n,t,=,",0,.,5,2,0,4,9,0,0,2,9,6,6,7,8,3,9,2,-,8,7,",),>,,, ,<,s,e,l,e,n,i,u,m,.,w,e,b,d,r,i,v,e,r,.,r,e,m,o,t,e,.,w,e,b,e,l,e,m,e,n,t,.,W,e,b,E,l,e,m,e,n,t, ,(,s,e,s,s,i,o,n,=,",a,1,7,6,7,e,8,e,0,b,3,5,a,c,f,5,1,2,1,7,c,5,7,8,9,d,2,1,1,7,6,0,",,, ,e,l,e,m,e,n,t,=,",0,.,5,2,0,4,9,0,0,2,9,6,6,7,8,3,9,2,-,8,8,",),>,,, ,<,s,e,l,e,n,i,u,m,.,w,e,b,d,r,i,v,e,r,.,r,e,m,o,t,e,.,w,e,b,e,l,e,m,e,n,t,.,W,e,b,E,l,e,m,e,n,t, ,(,s,e,s,s,i,o,n,=,",a,1,7,6,7,e,8,e,0,b,3,5,a,c,f,5,1,2,1,7,c,5,7,8,9,d,2,1,1,7,6,0,",,, ,e,l,e,m,e,n,t,=,",0,.,5,2,0,4,9,0,0,2,9,6,6,7,8,3,9,2,-,8,9,",),>,,, ,<,s,e,l,e,n,i,u,m,.,w,e,b,d,r,i,v,e,r,.,r,e,m,o,t,e,.,w,e,b,e,l,e,m,e,n,t,.,W,e,b,E,l,e,m,e,n,t, ,(,s,e,s,s,i,o,n,=,",a,1,7,6,7,e,8,e,0,b,3,5,a,c,f,5,1,2,1,7,c,5,7,8,9,d,2,1,1,7,6,0,",,, ,e,l,e,m,e,n,t,=,",0,.,5,2,0,4,9,0,0,2,9,6,6,7,8,3,9,2,-,9,0,",),>,,, ,<,s,e,l,e,n,i,u,m,.,w,e,b,d,r,i,v,e,r,.,r,e,m,o,t,e,.,w,e,b,e,l,e,m,e,n,t,.,W,e,b,E,l,e,m,e,n,t, ,(,s,e,s,s,i,o,n,=,",a,1,7,6,7,e,8,e,0,b,3,5,a,c,f,5,1,2,1,7,c,5,7,8,9,d,2,1,1,7,6,0,",,, ,e,l,e,m,e,n,t,=,",0,.,5,2,0,4,9,0,0,2,9,6,6,7,8,3,9,2,-,9,1,",),>,,, ,<,s,e,l,e,n,i,u,m,.,w,e,b,d,r,i,v,e,r,.,r,e,m,o,t,e,.,w,e,b,e,l,e,m,e,n,t,.,W,e,b,E,l,e,m,e,n,t, ,(,s,e,s,s,i,o,n,=,",a,1,7,6,7,e,8,e,0,b,3,5,a,c,f,5,1,2,1,7,c,5,7,8,9,d,2,1,1,7,6,0,",,, ,e,l,e,m,e,n,t,=,",0,.,5,2,0,4,9,0,0,2,9,6,6,7,8,3,9,2,-,9,2,",),>,,, ,<,s,e,l,e,n,i,u,m,.,w,e,b,d,r,i,v,e,r,.,r,e,m,o,t,e,.,w,e,b,e,l,e,m,e,n,t,.,W,e,b,E,l,e,m,e,n,t, ,(,s,e,s,s,i,o,n,=,",a,1,7,6,7,e,8,e,0,b,3,5,a,c,f,5,1,2,1,7,c,5,7,8,9,d,2,1,1,7,6,0,",,, ,e,l,e,m,e,n,t,=,",0,.,5,2,0,4,9,0,0,2,9,6,6,7,8,3,9,2,-,9,3,",),>,,, ,<,s,e,l,e,n,i,u,m,.,w,e,b,d,r,i,v,e,r,.,r,e,m,o,t,e,.,w,e,b,e,l,e,m,e,n,t,.,W,e,b,E,l,e,m,e,n,t, ,(,s,e,s,s,i,o,n,=,",a,1,7,6,7,e,8,e,0,b,3,5,a,c,f,5,1,2,1,7,c,5,7,8,9,d,2,1,1,7,6,0,",,, ,e,l,e,m,e,n,t,=,",0,.,5,2,0,4,9,0,0,2,9,6,6,7,8,3,9,2,-,9,4,",),>,,, ,<,s,e,l,e,n,i,u,m,.,w,e,b,d,r,i,v,e,r,.,r,e,m,o,t,e,.,w,e,b,e,l,e,m,e,n,t,.,W,e,b,E,l,e,m,e,n,t, ,(,s,e,s,s,i,o,n,=,",a,1,7,6,7,e,8,e,0,b,3,5,a,c,f,5,1,2,1,7,c,5,7,8,9,d,2,1,1,7,6,0,",,, ,e,l,e,m,e,n,t,=,",0,.,5,2,0,4,9,0,0,2,9,6,6,7,8,3,9,2,-,9,5,",),>,,, ,<,s,e,l,e,n,i,u,m,.,w,e,b,d,r,i,v,e,r,.,r,e,m,o,t,e,.,w,e,b,e,l,e,m,e,n,t,.,W,e,b,E,l,e,m,e,n,t, ,(,s,e,s,s,i,o,n,=,",a,1,7,6,7,e,8,e,0,b,3,5,a,c,f,5,1,2,1,7,c,5,7,8,9,d,2,1,1,7,6,0,",,, ,e,l,e,m,e,n,t,=,",0,.,5,2,0,4,9,0,0,2,9,6,6,7,8,3,9,2,-,9,6,",),>,,, ,<,s,e,l,e,n,i,u,m,.,w,e,b,d,r,i,v,e,r,.,r,e,m,o,t,e,.,w,e,b,e,l,e,m,e,n,t,.,W,e,b,E,l,e,m,e,n,t, ,(,s,e,s,s,i,o,n,=,",a,1,7,6,7,e,8,e,0,b,3,5,a,c,f,5,1,2,1,7,c,5,7,8,9,d,2,1,1,7,6,0,",,, ,e,l,e,m,e,n,t,=,",0,.,5,2,0,4,9,0,0,2,9,6,6,7,8,3,9,2,-,9,7,",),>,,, ,<,s,e,l,e,n,i,u,m,.,w,e,b,d,r,i,v,e,r,.,r,e,m,o,t,e,.,w,e,b,e,l,e,m,e,n,t,.,W,e,b,E,l,e,m,e,n,t, ,(,s,e,s,s,i,o,n,=,",a,1,7,6,7,e,8,e,0,b,3,5,a,c,f,5,1,2,1,7,c,5,7,8,9,d,2,1,1,7,6,0,",,, ,e,l,e,m,e,n,t,=,",0,.,5,2,0,4,9,0,0,2,9,6,6,7,8,3,9,2,-,5,8,0,",),>,,, ,<,s,e,l,e,n,i,u,m,.,w,e,b,d,r,i,v,e,r,.,r,e,m,o,t,e,.,w,e,b,e,l,e,m,e,n,t,.,W,e,b,E,l,e,m,e,n,t, ,(,s,e,s,s,i,o,n,=,",a,1,7,6,7,e,8,e,0,b,3,5,a,c,f,5,1,2,1,7,c,5,7,8,9,d,2,1,1,7,6,0,",,, ,e,l,e,m,e,n,t,=,",0,.,5,2,0,4,9,0,0,2,9,6,6,7,8,3,9,2,-,5,8,1,",),>,,, ,<,s,e,l,e,n,i,u,m,.,w,e,b,d,r,i,v,e,r,.,r,e,m,o,t,e,.,w,e,b,e,l,e,m,e,n,t,.,W,e,b,E,l,e,m,e,n,t, ,(,s,e,s,s,i,o,n,=,",a,1,7,6,7,e,8,e,0,b,3,5,a,c,f,5,1,2,1,7,c,5,7,8,9,d,2,1,1,7,6,0,",,, ,e,l,e,m,e,n,t,=,",0,.,5,2,0,4,9,0,0,2,9,6,6,7,8,3,9,2,-,5,8,2,",),>,,, ,<,s,e,l,e,n,i,u,m,.,w,e,b,d,r,i,v,e,r,.,r,e,m,o,t,e,.,w,e,b,e,l,e,m,e,n,t,.,W,e,b,E,l,e,m,e,n,t, ,(,s,e,s,s,i,o,n,=,",a,1,7,6,7,e,8,e,0,b,3,5,a,c,f,5,1,2,1,7,c,5,7,8,9,d,2,1,1,7,6,0,",,, ,e,l,e,m,e,n,t,=,",0,.,5,2,0,4,9,0,0,2,9,6,6,7,8,3,9,2,-,5,8,3,",),>,,, ,<,s,e,l,e,n,i,u,m,.,w,e,b,d,r,i,v,e,r,.,r,e,m,o,t,e,.,w,e,b,e,l,e,m,e,n,t,.,W,e,b,E,l,e,m,e,n,t, ,(,s,e,s,s,i,o,n,=,",a,1,7,6,7,e,8,e,0,b,3,5,a,c,f,5,1,2,1,7,c,5,7,8,9,d,2,1,1,7,6,0,",,, ,e,l,e,m,e,n,t,=,",0,.,5,2,0,4,9,0,0,2,9,6,6,7,8,3,9,2,-,5,8,4,",),>,,, ,<,s,e,l,e,n,i,u,m,.,w,e,b,d,r,i,v,e,r,.,r,e,m,o,t,e,.,w,e,b,e,l,e,m,e,n,t,.,W,e,b,E,l,e,m,e,n,t, ,(,s,e,s,s,i,o,n,=,",a,1,7,6,7,e,8,e,0,b,3,5,a,c,f,5,1,2,1,7,c,5,7,8,9,d,2,1,1,7,6,0,",,, ,e,l,e,m,e,n,t,=,",0,.,5,2,0,4,9,0,0,2,9,6,6,7,8,3,9,2,-,5,8,5,",),>,,, ,<,s,e,l,e,n,i,u,m,.,w,e,b,d,r,i,v,e,r,.,r,e,m,o,t,e,.,w,e,b,e,l,e,m,e,n,t,.,W,e,b,E,l,e,m,e,n,t, ,(,s,e,s,s,i,o,n,=,",a,1,7,6,7,e,8,e,0,b,3,5,a,c,f,5,1,2,1,7,c,5,7,8,9,d,2,1,1,7,6,0,",,, ,e,l,e,m,e,n,t,=,",0,.,5,2,0,4,9,0,0,2,9,6,6,7,8,3,9,2,-,5,8,6,",),>,,, ,<,s,e,l,e,n,i,u,m,.,w,e,b,d,r,i,v,e,r,.,r,e,m,o,t,e,.,w,e,b,e,l,e,m,e,n,t,.,W,e,b,E,l,e,m,e,n,t, ,(,s,e,s,s,i,o,n,=,",a,1,7,6,7,e,8,e,0,b,3,5,a,c,f,5,1,2,1,7,c,5,7,8,9,d,2,1,1,7,6,0,",,, ,e,l,e,m,e,n,t,=,",0,.,5,2,0,4,9,0,0,2,9,6,6,7,8,3,9,2,-,5,8,7,",),>,,, ,<,s,e,l,e,n,i,u,m,.,w,e,b,d,r,i,v,e,r,.,r,e,m,o,t,e,.,w,e,b,e,l,e,m,e,n,t,.,W,e,b,E,l,e,m,e,n,t, ,(,s,e,s,s,i,o,n,=,",a,1,7,6,7,e,8,e,0,b,3,5,a,c,f,5,1,2,1,7,c,5,7,8,9,d,2,1,1,7,6,0,",,, ,e,l,e,m,e,n,t,=,",0,.,5,2,0,4,9,0,0,2,9,6,6,7,8,3,9,2,-,5,8,8,",),>,,, ,<,s,e,l,e,n,i,u,m,.,w,e,b,d,r,i,v,e,r,.,r,e,m,o,t,e,.,w,e,b,e,l,e,m,e,n,t,.,W,e,b,E,l,e,m,e,n,t, ,(,s,e,s,s,i,o,n,=,",a,1,7,6,7,e,8,e,0,b,3,5,a,c,f,5,1,2,1,7,c,5,7,8,9,d,2,1,1,7,6,0,",,, ,e,l,e,m,e,n,t,=,",0,.,5,2,0,4,9,0,0,2,9,6,6,7,8,3,9,2,-,5,8,9,",),>,])
2018-04-05 10:53:09,152    DEBUG <selenium.webdriver.remote.webelement.WebElement (session="a1767e8e0b35acf51217c5789d211760", element="0.5204900296678392-86")>clicked)
2018-04-05 10:54:44,296    DEBUG <selenium.webdriver.remote.webelement.WebElement (session="a1767e8e0b35acf51217c5789d211760", element="0.5204900296678392-87")>clicked)
2018-04-05 10:56:19,427    DEBUG <selenium.webdriver.remote.webelement.WebElement (session="a1767e8e0b35acf51217c5789d211760", element="0.5204900296678392-88")>clicked)
2018-04-05 10:57:54,564    DEBUG <selenium.webdriver.remote.webelement.WebElement (session="a1767e8e0b35acf51217c5789d211760", element="0.5204900296678392-89")>clicked)
2018-04-05 10:59:29,699    DEBUG <selenium.webdriver.remote.webelement.WebElement (session="a1767e8e0b35acf51217c5789d211760", element="0.5204900296678392-90")>clicked)
2018-04-05 11:01:04,838    DEBUG <selenium.webdriver.remote.webelement.WebElement (session="a1767e8e0b35acf51217c5789d211760", element="0.5204900296678392-91")>clicked)
2018-04-05 11:02:39,976    DEBUG <selenium.webdriver.remote.webelement.WebElement (session="a1767e8e0b35acf51217c5789d211760", element="0.5204900296678392-92")>clicked)
2018-04-05 11:04:15,107    DEBUG <selenium.webdriver.remote.webelement.WebElement (session="a1767e8e0b35acf51217c5789d211760", element="0.5204900296678392-93")>clicked)
2018-04-05 11:05:50,246    DEBUG <selenium.webdriver.remote.webelement.WebElement (session="a1767e8e0b35acf51217c5789d211760", element="0.5204900296678392-94")>clicked)
2018-04-05 11:07:25,378    DEBUG <selenium.webdriver.remote.webelement.WebElement (session="a1767e8e0b35acf51217c5789d211760", element="0.5204900296678392-95")>clicked)
2018-04-05 11:09:00,494    DEBUG <selenium.webdriver.remote.webelement.WebElement (session="a1767e8e0b35acf51217c5789d211760", element="0.5204900296678392-96")>clicked)
2018-04-05 11:10:35,624    DEBUG <selenium.webdriver.remote.webelement.WebElement (session="a1767e8e0b35acf51217c5789d211760", element="0.5204900296678392-97")>clicked)
2018-04-05 11:12:10,751    DEBUG <selenium.webdriver.remote.webelement.WebElement (session="a1767e8e0b35acf51217c5789d211760", element="0.5204900296678392-580")>clicked)
2018-04-05 11:13:52,102    DEBUG <selenium.webdriver.remote.webelement.WebElement (session="a1767e8e0b35acf51217c5789d211760", element="0.5204900296678392-581")>clicked)
2018-04-05 11:15:32,157    DEBUG [logout完了])
2018-04-05 11:15:44,435    ERROR Traceback)
Stack (most recent call last):
  File "C:\Program Files (x86)\Microsoft Visual Studio\2017\Professional\Common7\IDE\Extensions\Microsoft\Python\Core\ptvsd_launcher.py", line 89, in <module>
    vspd.debug(filename, port_num, debug_id, debug_options, run_as)
  File "C:\Program Files (x86)\Microsoft Visual Studio\2017\Professional\Common7\IDE\Extensions\Microsoft\Python\Core\ptvsd\debugger.py", line 2671, in debug
    exec_file(file, globals_obj)
  File "C:\Program Files (x86)\Microsoft Visual Studio\2017\Professional\Common7\IDE\Extensions\Microsoft\Python\Core\ptvsd\util.py", line 119, in exec_file
    exec_code(code, file, global_variables)
  File "C:\Program Files (x86)\Microsoft Visual Studio\2017\Professional\Common7\IDE\Extensions\Microsoft\Python\Core\ptvsd\util.py", line 95, in exec_code
    exec(code_obj, global_variables)
  File "C:\work\バッチ\PatentDataDownload\hello.py", line 175, in <module>
    main()
  File "C:\work\バッチ\PatentDataDownload\hello.py", line 171, in main
    logger.error('Traceback',stack_info = True)
2018-04-05 11:15:44,437    ERROR Message: stale element reference: element is not attached to the page document
  (Session info: chrome=65.0.3325.181)
  (Driver info: chromedriver=2.35.528161 (5b82f2d2aae0ca24b877009200ced9065a772e73),platform=Windows NT 10.0.16299 x86_64)
)
