2018-07-05 10:54:09,721    DEBUG [login成功])
2018-07-05 10:54:29,446    DEBUG <selenium.webdriver.remote.webelement.WebElement (session="b889ab2781d3193cfcd634794f1ff45e", element="0.6762584113414016-94")>clicked)
2018-07-05 10:56:09,654    DEBUG <selenium.webdriver.remote.webelement.WebElement (session="b889ab2781d3193cfcd634794f1ff45e", element="0.6762584113414016-95")>clicked)
2018-07-05 10:57:49,864    DEBUG <selenium.webdriver.remote.webelement.WebElement (session="b889ab2781d3193cfcd634794f1ff45e", element="0.6762584113414016-96")>clicked)
2018-07-05 10:59:30,007    DEBUG <selenium.webdriver.remote.webelement.WebElement (session="b889ab2781d3193cfcd634794f1ff45e", element="0.6762584113414016-97")>clicked)
2018-07-05 11:01:10,228    DEBUG <selenium.webdriver.remote.webelement.WebElement (session="b889ab2781d3193cfcd634794f1ff45e", element="0.6762584113414016-98")>clicked)
2018-07-05 11:02:50,388    DEBUG <selenium.webdriver.remote.webelement.WebElement (session="b889ab2781d3193cfcd634794f1ff45e", element="0.6762584113414016-99")>clicked)
2018-07-05 11:04:30,564    DEBUG <selenium.webdriver.remote.webelement.WebElement (session="b889ab2781d3193cfcd634794f1ff45e", element="0.6762584113414016-100")>clicked)
2018-07-05 11:06:10,711    DEBUG <selenium.webdriver.remote.webelement.WebElement (session="b889ab2781d3193cfcd634794f1ff45e", element="0.6762584113414016-101")>clicked)
2018-07-05 11:07:50,908    DEBUG <selenium.webdriver.remote.webelement.WebElement (session="b889ab2781d3193cfcd634794f1ff45e", element="0.6762584113414016-102")>clicked)
2018-07-05 11:09:31,052    DEBUG <selenium.webdriver.remote.webelement.WebElement (session="b889ab2781d3193cfcd634794f1ff45e", element="0.6762584113414016-103")>clicked)
2018-07-05 11:11:11,237    DEBUG <selenium.webdriver.remote.webelement.WebElement (session="b889ab2781d3193cfcd634794f1ff45e", element="0.6762584113414016-104")>clicked)
2018-07-05 11:12:51,402    DEBUG <selenium.webdriver.remote.webelement.WebElement (session="b889ab2781d3193cfcd634794f1ff45e", element="0.6762584113414016-105")>clicked)
2018-07-05 11:14:31,580    DEBUG <selenium.webdriver.remote.webelement.WebElement (session="b889ab2781d3193cfcd634794f1ff45e", element="0.6762584113414016-584")>clicked)
2018-07-05 11:16:11,759    DEBUG <selenium.webdriver.remote.webelement.WebElement (session="b889ab2781d3193cfcd634794f1ff45e", element="0.6762584113414016-585")>clicked)
2018-07-05 11:17:51,893    DEBUG <selenium.webdriver.remote.webelement.WebElement (session="b889ab2781d3193cfcd634794f1ff45e", element="0.6762584113414016-586")>clicked)
2018-07-05 11:19:32,068    DEBUG <selenium.webdriver.remote.webelement.WebElement (session="b889ab2781d3193cfcd634794f1ff45e", element="0.6762584113414016-587")>clicked)
2018-07-05 11:21:12,280    DEBUG <selenium.webdriver.remote.webelement.WebElement (session="b889ab2781d3193cfcd634794f1ff45e", element="0.6762584113414016-588")>clicked)
2018-07-05 11:22:52,446    DEBUG <selenium.webdriver.remote.webelement.WebElement (session="b889ab2781d3193cfcd634794f1ff45e", element="0.6762584113414016-589")>clicked)
2018-07-05 11:24:32,746    DEBUG <selenium.webdriver.remote.webelement.WebElement (session="b889ab2781d3193cfcd634794f1ff45e", element="0.6762584113414016-590")>clicked)
2018-07-05 11:26:12,962    DEBUG <selenium.webdriver.remote.webelement.WebElement (session="b889ab2781d3193cfcd634794f1ff45e", element="0.6762584113414016-591")>clicked)
2018-07-05 11:27:53,177    DEBUG <selenium.webdriver.remote.webelement.WebElement (session="b889ab2781d3193cfcd634794f1ff45e", element="0.6762584113414016-592")>clicked)
2018-07-05 11:29:33,547    DEBUG [logout完了])
2018-07-05 11:29:40,804    DEBUG [コピー対象（JPG）]JPG_2018025-a.tar.gz,JPG_2018025-b.tar.gz,JPG_2018025-c.tar.gz,JPG_2018025-d.tar.gz,JPG_2018025-e.tar.gz,JPG_2018025-f.tar.gz,JPG_2018025-g.tar.gz,JPG_2018025-h.tar.gz,JPG_2018025-i.tar.gz,JPG_2018025-j.tar.gz,JPG_2018025-k.tar.gz,JPG_2018025-l.tar.gz)
2018-07-05 11:29:40,830    DEBUG [コピー対象（JPH）]JPH_2018025-a.tar.gz,JPH_2018025-b.tar.gz,JPH_2018025-c.tar.gz,JPH_2018025-d.tar.gz,JPH_2018025-e.tar.gz,JPH_2018025-f.tar.gz,JPH_2018025-g.tar.gz,JPH_2018025-h.tar.gz,JPH_2018025-i.tar.gz)
2018-07-05 11:29:40,910    DEBUG [C:\Users\常重　友佑\Downloads\JPG_2018025_downfiles\ へ移動完了])
2018-07-05 11:29:40,933    DEBUG [C:\Users\常重　友佑\Downloads\JPH_2018025_downfiles\ へ移動完了])
2018-07-05 11:32:12,751    DEBUG copy /b JPG_2018025_downfiles\*.tar.gz JPG_2018025.tar.gzコピー処理開始)
2018-07-05 11:32:12,794    DEBUG copy /b JPH_2018025_downfiles\*.tar.gz JPH_2018025.tar.gzコピー処理開始)
2018-07-05 11:35:22,753    DEBUG D:\workDdrive\作業系\特許DBインポート\1jpg\JPG_2018025作成)
2018-07-05 11:35:22,816    DEBUG D:\workDdrive\作業系\特許DBインポート\2jph\JPH_2018025作成)
