2018-08-02 10:02:06,764    DEBUG [login成功])
2018-08-02 10:02:26,597    DEBUG <selenium.webdriver.remote.webelement.WebElement (session="a8646cb802f47c3e2d933af4fddd4193", element="0.6992620443840734-101")>clicked)
2018-08-02 10:04:06,825    DEBUG <selenium.webdriver.remote.webelement.WebElement (session="a8646cb802f47c3e2d933af4fddd4193", element="0.6992620443840734-102")>clicked)
2018-08-02 10:05:46,993    DEBUG <selenium.webdriver.remote.webelement.WebElement (session="a8646cb802f47c3e2d933af4fddd4193", element="0.6992620443840734-103")>clicked)
2018-08-02 10:07:27,202    DEBUG <selenium.webdriver.remote.webelement.WebElement (session="a8646cb802f47c3e2d933af4fddd4193", element="0.6992620443840734-104")>clicked)
2018-08-02 10:09:07,379    DEBUG <selenium.webdriver.remote.webelement.WebElement (session="a8646cb802f47c3e2d933af4fddd4193", element="0.6992620443840734-105")>clicked)
2018-08-02 10:10:47,525    DEBUG <selenium.webdriver.remote.webelement.WebElement (session="a8646cb802f47c3e2d933af4fddd4193", element="0.6992620443840734-106")>clicked)
2018-08-02 10:12:27,686    DEBUG <selenium.webdriver.remote.webelement.WebElement (session="a8646cb802f47c3e2d933af4fddd4193", element="0.6992620443840734-107")>clicked)
2018-08-02 10:14:07,840    DEBUG <selenium.webdriver.remote.webelement.WebElement (session="a8646cb802f47c3e2d933af4fddd4193", element="0.6992620443840734-108")>clicked)
2018-08-02 10:15:48,008    DEBUG <selenium.webdriver.remote.webelement.WebElement (session="a8646cb802f47c3e2d933af4fddd4193", element="0.6992620443840734-109")>clicked)
2018-08-02 10:17:28,224    DEBUG <selenium.webdriver.remote.webelement.WebElement (session="a8646cb802f47c3e2d933af4fddd4193", element="0.6992620443840734-110")>clicked)
2018-08-02 10:19:08,392    DEBUG <selenium.webdriver.remote.webelement.WebElement (session="a8646cb802f47c3e2d933af4fddd4193", element="0.6992620443840734-599")>clicked)
2018-08-02 10:20:48,540    DEBUG <selenium.webdriver.remote.webelement.WebElement (session="a8646cb802f47c3e2d933af4fddd4193", element="0.6992620443840734-600")>clicked)
2018-08-02 10:22:28,689    DEBUG <selenium.webdriver.remote.webelement.WebElement (session="a8646cb802f47c3e2d933af4fddd4193", element="0.6992620443840734-601")>clicked)
2018-08-02 10:24:08,845    DEBUG <selenium.webdriver.remote.webelement.WebElement (session="a8646cb802f47c3e2d933af4fddd4193", element="0.6992620443840734-602")>clicked)
2018-08-02 10:25:48,989    DEBUG <selenium.webdriver.remote.webelement.WebElement (session="a8646cb802f47c3e2d933af4fddd4193", element="0.6992620443840734-603")>clicked)
2018-08-02 10:27:29,157    DEBUG <selenium.webdriver.remote.webelement.WebElement (session="a8646cb802f47c3e2d933af4fddd4193", element="0.6992620443840734-604")>clicked)
2018-08-02 10:29:09,321    DEBUG <selenium.webdriver.remote.webelement.WebElement (session="a8646cb802f47c3e2d933af4fddd4193", element="0.6992620443840734-605")>clicked)
2018-08-02 10:30:49,519    DEBUG <selenium.webdriver.remote.webelement.WebElement (session="a8646cb802f47c3e2d933af4fddd4193", element="0.6992620443840734-606")>clicked)
2018-08-02 10:32:29,685    DEBUG <selenium.webdriver.remote.webelement.WebElement (session="a8646cb802f47c3e2d933af4fddd4193", element="0.6992620443840734-607")>clicked)
2018-08-02 10:34:09,850    DEBUG <selenium.webdriver.remote.webelement.WebElement (session="a8646cb802f47c3e2d933af4fddd4193", element="0.6992620443840734-608")>clicked)
2018-08-02 10:35:50,195    DEBUG [logout完了])
2018-08-02 10:35:57,279    DEBUG [コピー対象（JPG）]JPG_2018029-a.tar.gz,JPG_2018029-b.tar.gz,JPG_2018029-c.tar.gz,JPG_2018029-d.tar.gz,JPG_2018029-e.tar.gz,JPG_2018029-f.tar.gz,JPG_2018029-g.tar.gz,JPG_2018029-h.tar.gz,JPG_2018029-i.tar.gz,JPG_2018029-j.tar.gz)
2018-08-02 10:35:57,317    DEBUG [コピー対象（JPH）]JPH_2018029-a.tar.gz,JPH_2018029-b.tar.gz,JPH_2018029-c.tar.gz,JPH_2018029-d.tar.gz,JPH_2018029-e.tar.gz,JPH_2018029-f.tar.gz,JPH_2018029-g.tar.gz,JPH_2018029-h.tar.gz,JPH_2018029-i.tar.gz,JPH_2018029-j.tar.gz)
2018-08-02 10:35:57,449    DEBUG [C:\Users\常重　友佑\Downloads\JPG_2018029_downfiles\ へ移動完了])
2018-08-02 10:35:57,466    DEBUG [C:\Users\常重　友佑\Downloads\JPH_2018029_downfiles\ へ移動完了])
2018-08-02 10:38:53,996    DEBUG copy /b JPG_2018029_downfiles\*.tar.gz JPG_2018029.tar.gzコピー処理開始)
2018-08-02 10:38:54,030    DEBUG copy /b JPH_2018029_downfiles\*.tar.gz JPH_2018029.tar.gzコピー処理開始)
2018-08-02 10:49:18,786    DEBUG D:\workDdrive\作業系\特許DBインポート\1jpg\JPG_2018029作成)
2018-08-02 10:49:18,798    DEBUG D:\workDdrive\作業系\特許DBインポート\2jph\JPH_2018029作成)
