2018-06-21 11:58:41,072    DEBUG [login成功])
2018-06-21 11:59:00,670    DEBUG <selenium.webdriver.remote.webelement.WebElement (session="1ebd371023b3c3730f01c3a8d34e4ca0", element="0.08279553367286319-92")>clicked)
2018-06-21 12:00:40,868    DEBUG <selenium.webdriver.remote.webelement.WebElement (session="1ebd371023b3c3730f01c3a8d34e4ca0", element="0.08279553367286319-93")>clicked)
2018-06-21 12:02:21,012    DEBUG <selenium.webdriver.remote.webelement.WebElement (session="1ebd371023b3c3730f01c3a8d34e4ca0", element="0.08279553367286319-94")>clicked)
2018-06-21 12:04:01,168    DEBUG <selenium.webdriver.remote.webelement.WebElement (session="1ebd371023b3c3730f01c3a8d34e4ca0", element="0.08279553367286319-95")>clicked)
2018-06-21 12:05:41,388    DEBUG <selenium.webdriver.remote.webelement.WebElement (session="1ebd371023b3c3730f01c3a8d34e4ca0", element="0.08279553367286319-96")>clicked)
2018-06-21 12:07:21,542    DEBUG <selenium.webdriver.remote.webelement.WebElement (session="1ebd371023b3c3730f01c3a8d34e4ca0", element="0.08279553367286319-97")>clicked)
2018-06-21 12:09:01,720    DEBUG <selenium.webdriver.remote.webelement.WebElement (session="1ebd371023b3c3730f01c3a8d34e4ca0", element="0.08279553367286319-98")>clicked)
2018-06-21 12:10:42,105    DEBUG <selenium.webdriver.remote.webelement.WebElement (session="1ebd371023b3c3730f01c3a8d34e4ca0", element="0.08279553367286319-99")>clicked)
2018-06-21 12:12:22,277    DEBUG <selenium.webdriver.remote.webelement.WebElement (session="1ebd371023b3c3730f01c3a8d34e4ca0", element="0.08279553367286319-577")>clicked)
2018-06-21 12:14:02,976    DEBUG <selenium.webdriver.remote.webelement.WebElement (session="1ebd371023b3c3730f01c3a8d34e4ca0", element="0.08279553367286319-578")>clicked)
2018-06-21 12:15:43,147    DEBUG <selenium.webdriver.remote.webelement.WebElement (session="1ebd371023b3c3730f01c3a8d34e4ca0", element="0.08279553367286319-579")>clicked)
2018-06-21 12:17:23,340    DEBUG <selenium.webdriver.remote.webelement.WebElement (session="1ebd371023b3c3730f01c3a8d34e4ca0", element="0.08279553367286319-580")>clicked)
2018-06-21 12:19:03,572    DEBUG <selenium.webdriver.remote.webelement.WebElement (session="1ebd371023b3c3730f01c3a8d34e4ca0", element="0.08279553367286319-581")>clicked)
2018-06-21 12:20:43,730    DEBUG <selenium.webdriver.remote.webelement.WebElement (session="1ebd371023b3c3730f01c3a8d34e4ca0", element="0.08279553367286319-582")>clicked)
2018-06-21 12:22:24,113    DEBUG <selenium.webdriver.remote.webelement.WebElement (session="1ebd371023b3c3730f01c3a8d34e4ca0", element="0.08279553367286319-583")>clicked)
2018-06-21 12:24:07,841    DEBUG [logout完了])
2018-06-21 12:24:25,845    DEBUG [コピー対象（JPG）]JPG_2018023-a.tar.gz,JPG_2018023-b.tar.gz,JPG_2018023-c.tar.gz,JPG_2018023-d.tar.gz,JPG_2018023-e.tar.gz,JPG_2018023-f.tar.gz,JPG_2018023-g.tar.gz,JPG_2018023-h.tar.gz)
2018-06-21 12:24:26,276    DEBUG [コピー対象（JPH）]JPH_2018023-a.tar.gz,JPH_2018023-b.tar.gz,JPH_2018023-c.tar.gz,JPH_2018023-d.tar.gz,JPH_2018023-e.tar.gz,JPH_2018023-f.tar.gz,JPH_2018023-g.tar.gz)
2018-06-21 12:24:26,808    DEBUG [C:\Users\常重　友佑\Downloads\JPG_2018023_downfiles\ へ移動完了])
2018-06-21 12:24:27,167    DEBUG [C:\Users\常重　友佑\Downloads\JPH_2018023_downfiles\ へ移動完了])
2018-06-21 12:34:12,317    DEBUG copy /b JPG_2018023_downfiles\*.tar.gz JPG_2018023.tar.gzコピー処理開始)
2018-06-21 12:34:12,669    DEBUG copy /b JPH_2018023_downfiles\*.tar.gz JPH_2018023.tar.gzコピー処理開始)
2018-06-21 12:36:24,624    DEBUG D:\workDdrive\作業系\特許DBインポート\1jpg\JPG_2018023作成)
2018-06-21 12:36:24,654    DEBUG D:\workDdrive\作業系\特許DBインポート\2jph\JPH_2018023作成)
