2018-04-26 09:56:52,652    DEBUG [login成功])
2018-04-26 09:57:13,227    DEBUG <selenium.webdriver.remote.webelement.WebElement (session="54acfe0a6f000a4ac48da8cae54a4a73", element="0.389184661079101-86")>clicked)
2018-04-26 09:58:53,391    DEBUG <selenium.webdriver.remote.webelement.WebElement (session="54acfe0a6f000a4ac48da8cae54a4a73", element="0.389184661079101-87")>clicked)
2018-04-26 10:00:33,530    DEBUG <selenium.webdriver.remote.webelement.WebElement (session="54acfe0a6f000a4ac48da8cae54a4a73", element="0.389184661079101-88")>clicked)
2018-04-26 10:02:13,686    DEBUG <selenium.webdriver.remote.webelement.WebElement (session="54acfe0a6f000a4ac48da8cae54a4a73", element="0.389184661079101-89")>clicked)
2018-04-26 10:03:53,886    DEBUG <selenium.webdriver.remote.webelement.WebElement (session="54acfe0a6f000a4ac48da8cae54a4a73", element="0.389184661079101-90")>clicked)
2018-04-26 10:05:34,021    DEBUG <selenium.webdriver.remote.webelement.WebElement (session="54acfe0a6f000a4ac48da8cae54a4a73", element="0.389184661079101-91")>clicked)
2018-04-26 10:07:14,166    DEBUG <selenium.webdriver.remote.webelement.WebElement (session="54acfe0a6f000a4ac48da8cae54a4a73", element="0.389184661079101-92")>clicked)
2018-04-26 10:08:54,306    DEBUG <selenium.webdriver.remote.webelement.WebElement (session="54acfe0a6f000a4ac48da8cae54a4a73", element="0.389184661079101-93")>clicked)
2018-04-26 10:10:34,520    DEBUG <selenium.webdriver.remote.webelement.WebElement (session="54acfe0a6f000a4ac48da8cae54a4a73", element="0.389184661079101-94")>clicked)
2018-04-26 10:12:14,734    DEBUG <selenium.webdriver.remote.webelement.WebElement (session="54acfe0a6f000a4ac48da8cae54a4a73", element="0.389184661079101-572")>clicked)
2018-04-26 10:13:54,929    DEBUG <selenium.webdriver.remote.webelement.WebElement (session="54acfe0a6f000a4ac48da8cae54a4a73", element="0.389184661079101-573")>clicked)
2018-04-26 10:15:35,087    DEBUG <selenium.webdriver.remote.webelement.WebElement (session="54acfe0a6f000a4ac48da8cae54a4a73", element="0.389184661079101-574")>clicked)
2018-04-26 10:17:15,241    DEBUG <selenium.webdriver.remote.webelement.WebElement (session="54acfe0a6f000a4ac48da8cae54a4a73", element="0.389184661079101-575")>clicked)
2018-04-26 10:18:55,388    DEBUG <selenium.webdriver.remote.webelement.WebElement (session="54acfe0a6f000a4ac48da8cae54a4a73", element="0.389184661079101-576")>clicked)
2018-04-26 10:20:35,533    DEBUG <selenium.webdriver.remote.webelement.WebElement (session="54acfe0a6f000a4ac48da8cae54a4a73", element="0.389184661079101-577")>clicked)
2018-04-26 10:22:15,676    DEBUG <selenium.webdriver.remote.webelement.WebElement (session="54acfe0a6f000a4ac48da8cae54a4a73", element="0.389184661079101-578")>clicked)
2018-04-26 10:23:55,830    DEBUG <selenium.webdriver.remote.webelement.WebElement (session="54acfe0a6f000a4ac48da8cae54a4a73", element="0.389184661079101-579")>clicked)
2018-04-26 10:25:35,979    DEBUG <selenium.webdriver.remote.webelement.WebElement (session="54acfe0a6f000a4ac48da8cae54a4a73", element="0.389184661079101-580")>clicked)
2018-04-26 10:27:16,141    DEBUG <selenium.webdriver.remote.webelement.WebElement (session="54acfe0a6f000a4ac48da8cae54a4a73", element="0.389184661079101-581")>clicked)
2018-04-26 10:28:56,617    DEBUG [logout完了])
2018-04-26 10:29:04,268    DEBUG [コピー対象（JPG）]JPG_2018016-a.tar.gz,JPG_2018016-b.tar.gz,JPG_2018016-c.tar.gz,JPG_2018016-d.tar.gz,JPG_2018016-e.tar.gz,JPG_2018016-f.tar.gz,JPG_2018016-g.tar.gz,JPG_2018016-h.tar.gz,JPG_2018016-i.tar.gz)
2018-04-26 10:29:04,299    DEBUG [コピー対象（JPH）]JPH_2018016-a.tar.gz,JPH_2018016-b.tar.gz,JPH_2018016-c.tar.gz,JPH_2018016-d.tar.gz,JPH_2018016-e.tar.gz,JPH_2018016-f.tar.gz,JPH_2018016-g.tar.gz,JPH_2018016-h.tar.gz,JPH_2018016-i.tar.gz,JPH_2018016-j.tar.gz)
2018-04-26 10:29:04,325    DEBUG [C:\Users\常重　友佑\Downloads\JPG_2018016_downfiles\ へ移動完了])
2018-04-26 10:29:04,338    DEBUG [C:\Users\常重　友佑\Downloads\JPH_2018016_downfiles\ へ移動完了])
2018-04-26 10:30:39,680    DEBUG copy /b JPG_2018016_downfiles\*.tar.gz JPG_2018016.tar.gzコピー処理開始)
2018-04-26 10:30:39,727    DEBUG copy /b JPH_2018016_downfiles\*.tar.gz JPH_2018016.tar.gzコピー処理開始)
2018-04-26 10:33:13,542    DEBUG D:\workDdrive\作業系\特許DBインポート\1jpg\JPG_2018016作成)
2018-04-26 10:33:13,617    DEBUG D:\workDdrive\作業系\特許DBインポート\2jph\JPH_2018016作成)
