2018-04-12 15:36:05,931    DEBUG [login成功])
2018-04-12 15:36:25,193    DEBUG <selenium.webdriver.remote.webelement.WebElement (session="a2243c9709d96fed2c1b6f7ec2d68ad8", element="0.21411072663503883-86")>clicked)
2018-04-12 15:38:05,347    DEBUG <selenium.webdriver.remote.webelement.WebElement (session="a2243c9709d96fed2c1b6f7ec2d68ad8", element="0.21411072663503883-87")>clicked)
2018-04-12 15:39:45,500    DEBUG <selenium.webdriver.remote.webelement.WebElement (session="a2243c9709d96fed2c1b6f7ec2d68ad8", element="0.21411072663503883-88")>clicked)
2018-04-12 15:41:25,671    DEBUG <selenium.webdriver.remote.webelement.WebElement (session="a2243c9709d96fed2c1b6f7ec2d68ad8", element="0.21411072663503883-89")>clicked)
2018-04-12 15:43:05,853    DEBUG <selenium.webdriver.remote.webelement.WebElement (session="a2243c9709d96fed2c1b6f7ec2d68ad8", element="0.21411072663503883-90")>clicked)
2018-04-12 15:44:46,053    DEBUG <selenium.webdriver.remote.webelement.WebElement (session="a2243c9709d96fed2c1b6f7ec2d68ad8", element="0.21411072663503883-91")>clicked)
2018-04-12 15:46:26,221    DEBUG <selenium.webdriver.remote.webelement.WebElement (session="a2243c9709d96fed2c1b6f7ec2d68ad8", element="0.21411072663503883-92")>clicked)
2018-04-12 15:48:06,404    DEBUG <selenium.webdriver.remote.webelement.WebElement (session="a2243c9709d96fed2c1b6f7ec2d68ad8", element="0.21411072663503883-93")>clicked)
2018-04-12 15:49:46,588    DEBUG <selenium.webdriver.remote.webelement.WebElement (session="a2243c9709d96fed2c1b6f7ec2d68ad8", element="0.21411072663503883-94")>clicked)
2018-04-12 15:51:26,843    DEBUG <selenium.webdriver.remote.webelement.WebElement (session="a2243c9709d96fed2c1b6f7ec2d68ad8", element="0.21411072663503883-95")>clicked)
2018-04-12 15:53:07,018    DEBUG <selenium.webdriver.remote.webelement.WebElement (session="a2243c9709d96fed2c1b6f7ec2d68ad8", element="0.21411072663503883-96")>clicked)
2018-04-12 15:54:47,188    DEBUG <selenium.webdriver.remote.webelement.WebElement (session="a2243c9709d96fed2c1b6f7ec2d68ad8", element="0.21411072663503883-97")>clicked)
2018-04-12 15:56:27,388    DEBUG <selenium.webdriver.remote.webelement.WebElement (session="a2243c9709d96fed2c1b6f7ec2d68ad8", element="0.21411072663503883-580")>clicked)
2018-04-12 15:58:07,595    DEBUG <selenium.webdriver.remote.webelement.WebElement (session="a2243c9709d96fed2c1b6f7ec2d68ad8", element="0.21411072663503883-581")>clicked)
2018-04-12 15:59:47,769    DEBUG <selenium.webdriver.remote.webelement.WebElement (session="a2243c9709d96fed2c1b6f7ec2d68ad8", element="0.21411072663503883-582")>clicked)
2018-04-12 16:01:27,962    DEBUG <selenium.webdriver.remote.webelement.WebElement (session="a2243c9709d96fed2c1b6f7ec2d68ad8", element="0.21411072663503883-583")>clicked)
2018-04-12 16:03:08,172    DEBUG <selenium.webdriver.remote.webelement.WebElement (session="a2243c9709d96fed2c1b6f7ec2d68ad8", element="0.21411072663503883-584")>clicked)
2018-04-12 16:04:48,368    DEBUG <selenium.webdriver.remote.webelement.WebElement (session="a2243c9709d96fed2c1b6f7ec2d68ad8", element="0.21411072663503883-585")>clicked)
2018-04-12 16:06:28,595    DEBUG <selenium.webdriver.remote.webelement.WebElement (session="a2243c9709d96fed2c1b6f7ec2d68ad8", element="0.21411072663503883-586")>clicked)
2018-04-12 16:08:08,791    DEBUG <selenium.webdriver.remote.webelement.WebElement (session="a2243c9709d96fed2c1b6f7ec2d68ad8", element="0.21411072663503883-587")>clicked)
2018-04-12 16:09:48,972    DEBUG <selenium.webdriver.remote.webelement.WebElement (session="a2243c9709d96fed2c1b6f7ec2d68ad8", element="0.21411072663503883-588")>clicked)
2018-04-12 16:11:29,172    DEBUG <selenium.webdriver.remote.webelement.WebElement (session="a2243c9709d96fed2c1b6f7ec2d68ad8", element="0.21411072663503883-589")>clicked)
2018-04-12 16:13:10,228    DEBUG [logout完了])
2018-04-12 16:13:20,169    DEBUG [コピー対象（JPG）]JPG_2018014-a.tar.gz,JPG_2018014-b.tar.gz,JPG_2018014-c.tar.gz,JPG_2018014-d.tar.gz,JPG_2018014-e.tar.gz,JPG_2018014-f.tar.gz,JPG_2018014-g.tar.gz,JPG_2018014-h.tar.gz,JPG_2018014-i.tar.gz,JPG_2018014-j.tar.gz,JPG_2018014-k.tar.gz,JPG_2018014-l.tar.gz)
2018-04-12 16:13:20,222    DEBUG [コピー対象（JPH）]JPH_2018014-a.tar.gz,JPH_2018014-b.tar.gz,JPH_2018014-c.tar.gz,JPH_2018014-d.tar.gz,JPH_2018014-e.tar.gz,JPH_2018014-f.tar.gz,JPH_2018014-g.tar.gz,JPH_2018014-h.tar.gz,JPH_2018014-i.tar.gz,JPH_2018014-j.tar.gz)
2018-04-12 16:13:20,405    DEBUG [C:\Users\常重　友佑\Downloads\JPG_2018014_downfiles\ へ移動完了])
2018-04-12 16:13:20,422    DEBUG [C:\Users\常重　友佑\Downloads\JPH_2018014_downfiles\ へ移動完了])
2018-04-12 16:15:25,060    DEBUG copy /b JPG_2018014_downfiles\*.tar.gz JPG_2018014.tar.gzコピー処理開始)
2018-04-12 16:15:25,107    DEBUG copy /b JPH_2018014_downfiles\*.tar.gz JPH_2018014.tar.gzコピー処理開始)
2018-04-12 16:18:05,010    DEBUG D:\workDdrive\作業系\特許DBインポート\1jpg\JPG_2018014作成)
2018-04-12 16:18:05,041    DEBUG D:\workDdrive\作業系\特許DBインポート\2jph\JPH_2018014作成)
